{"numFailedTestSuites":1,"numFailedTests":15,"numPassedTestSuites":0,"numPassedTests":0,"numPendingTestSuites":0,"numPendingTests":0,"numRuntimeErrorTestSuites":0,"numTodoTests":0,"numTotalTestSuites":1,"numTotalTests":15,"openHandles":[],"snapshot":{"added":0,"didUpdate":false,"failure":false,"filesAdded":0,"filesRemoved":0,"filesRemovedList":[],"filesUnmatched":0,"filesUpdated":0,"matched":0,"total":0,"unchecked":0,"uncheckedKeysByFile":[],"unmatched":0,"updated":0},"startTime":1772068055642,"success":false,"testResults":[{"assertionResults":[{"ancestorTitles":["TaskStore"],"duration":19,"failing":false,"failureDetails":[{}],"failureMessages":["Error: Need to call TestBed.initTestEnvironment() first\n    at _TestBedImpl.get compiler [as compiler] (C:\\Users\\ETR Infotech\\Desktop\\task_board\\task-board-ui\\node_modules\\@angular\\core\\fesm2022\\testing.mjs:1486:13)\n    at _TestBedImpl.configureTestingModule (C:\\Users\\ETR Infotech\\Desktop\\task_board\\task-board-ui\\node_modules\\@angular\\core\\fesm2022\\testing.mjs:1402:10)\n    at Function.configureTestingModule (C:\\Users\\ETR Infotech\\Desktop\\task_board\\task-board-ui\\node_modules\\@angular\\core\\fesm2022\\testing.mjs:1273:33)\n    at Object.<anonymous> (C:\\Users\\ETR Infotech\\Desktop\\task_board\\task-board-ui\\src\\entities\\task\\api\\task.store.spec.ts:31:13)\n    at Promise.finally.completed (C:\\Users\\ETR Infotech\\Desktop\\task_board\\task-board-ui\\node_modules\\jest-circus\\build\\jestAdapterInit.js:1557:28)\n    at new Promise (<anonymous>)\n    at callAsyncCircusFn (C:\\Users\\ETR Infotech\\Desktop\\task_board\\task-board-ui\\node_modules\\jest-circus\\build\\jestAdapterInit.js:1497:10)\n    at _callCircusHook (C:\\Users\\ETR Infotech\\Desktop\\task_board\\task-board-ui\\node_modules\\jest-circus\\build\\jestAdapterInit.js:976:40)\n    at processTicksAndRejections (node:internal/process/task_queues:105:5)\n    at _runTest (C:\\Users\\ETR Infotech\\Desktop\\task_board\\task-board-ui\\node_modules\\jest-circus\\build\\jestAdapterInit.js:941:5)\n    at C:\\Users\\ETR Infotech\\Desktop\\task_board\\task-board-ui\\node_modules\\jest-circus\\build\\jestAdapterInit.js:849:7\n    at _runTestsForDescribeBlock (C:\\Users\\ETR Infotech\\Desktop\\task_board\\task-board-ui\\node_modules\\jest-circus\\build\\jestAdapterInit.js:862:11)\n    at _runTestsForDescribeBlock (C:\\Users\\ETR Infotech\\Desktop\\task_board\\task-board-ui\\node_modules\\jest-circus\\build\\jestAdapterInit.js:857:11)\n    at run (C:\\Users\\ETR Infotech\\Desktop\\task_board\\task-board-ui\\node_modules\\jest-circus\\build\\jestAdapterInit.js:761:3)\n    at runAndTransformResultsToJestFormat (C:\\Users\\ETR Infotech\\Desktop\\task_board\\task-board-ui\\node_modules\\jest-circus\\build\\jestAdapterInit.js:1918:21)\n    at jestAdapter (C:\\Users\\ETR Infotech\\Desktop\\task_board\\task-board-ui\\node_modules\\jest-circus\\build\\runner.js:101:19)\n    at runTestInternal (C:\\Users\\ETR Infotech\\Desktop\\task_board\\task-board-ui\\node_modules\\jest-runner\\build\\index.js:275:16)\n    at runTest (C:\\Users\\ETR Infotech\\Desktop\\task_board\\task-board-ui\\node_modules\\jest-runner\\build\\index.js:343:7)"],"fullName":"TaskStore should be created and initialized with empty state","invocations":1,"location":null,"numPassingAsserts":0,"retryReasons":[],"startAt":1772068062529,"status":"failed","title":"should be created and initialized with empty state"},{"ancestorTitles":["TaskStore","loadTasks"],"duration":7,"failing":false,"failureDetails":[{}],"failureMessages":["TypeError: Cannot read properties of null (reading 'ngModule')\n    at isModuleWithProviders (C:\\Users\\ETR Infotech\\Desktop\\task_board\\task-board-ui\\node_modules\\@angular\\core\\fesm2022\\_debug_node-chunk.mjs:7259:16)\n    at expandModuleWithProviders (C:\\Users\\ETR Infotech\\Desktop\\task_board\\task-board-ui\\node_modules\\@angular\\core\\fesm2022\\_debug_node-chunk.mjs:17797:7)\n    at Array.map (<anonymous>)\n    at Function.get (C:\\Users\\ETR Infotech\\Desktop\\task_board\\task-board-ui\\node_modules\\@angular\\core\\fesm2022\\_debug_node-chunk.mjs:17512:84)\n    at getNgModuleDef (C:\\Users\\ETR Infotech\\Desktop\\task_board\\task-board-ui\\node_modules\\@angular\\core\\fesm2022\\_untracked-chunk.mjs:476:10)\n    at getNgModuleDefOrThrow (C:\\Users\\ETR Infotech\\Desktop\\task_board\\task-board-ui\\node_modules\\@angular\\core\\fesm2022\\_untracked-chunk.mjs:479:23)\n    at verifySemanticsOfNgModuleDef (C:\\Users\\ETR Infotech\\Desktop\\task_board\\task-board-ui\\node_modules\\@angular\\core\\fesm2022\\_debug_node-chunk.mjs:17585:19)\n    at Function.get (C:\\Users\\ETR Infotech\\Desktop\\task_board\\task-board-ui\\node_modules\\@angular\\core\\fesm2022\\_debug_node-chunk.mjs:17549:22)\n    at TestBedCompiler.applyProviderOverridesInScope (C:\\Users\\ETR Infotech\\Desktop\\task_board\\task-board-ui\\node_modules\\@angular\\core\\fesm2022\\testing.mjs:825:25)\n    at TestBedCompiler.compileTestModule (C:\\Users\\ETR Infotech\\Desktop\\task_board\\task-board-ui\\node_modules\\@angular\\core\\fesm2022\\testing.mjs:1065:10)\n    at TestBedCompiler.finalize (C:\\Users\\ETR Infotech\\Desktop\\task_board\\task-board-ui\\node_modules\\@angular\\core\\fesm2022\\testing.mjs:704:10)\n    at _TestBedImpl.get testModuleRef [as testModuleRef] (C:\\Users\\ETR Infotech\\Desktop\\task_board\\task-board-ui\\node_modules\\@angular\\core\\fesm2022\\testing.mjs:1492:43)\n    at _TestBedImpl.inject (C:\\Users\\ETR Infotech\\Desktop\\task_board\\task-board-ui\\node_modules\\@angular\\core\\fesm2022\\testing.mjs:1413:25)\n    at Function.inject (C:\\Users\\ETR Infotech\\Desktop\\task_board\\task-board-ui\\node_modules\\@angular\\core\\fesm2022\\testing.mjs:1300:33)\n    at Object.<anonymous> (C:\\Users\\ETR Infotech\\Desktop\\task_board\\task-board-ui\\src\\entities\\task\\api\\task.store.spec.ts:39:21)\n    at Promise.finally.completed (C:\\Users\\ETR Infotech\\Desktop\\task_board\\task-board-ui\\node_modules\\jest-circus\\build\\jestAdapterInit.js:1557:28)\n    at new Promise (<anonymous>)\n    at callAsyncCircusFn (C:\\Users\\ETR Infotech\\Desktop\\task_board\\task-board-ui\\node_modules\\jest-circus\\build\\jestAdapterInit.js:1497:10)\n    at _callCircusHook (C:\\Users\\ETR Infotech\\Desktop\\task_board\\task-board-ui\\node_modules\\jest-circus\\build\\jestAdapterInit.js:976:40)\n    at processTicksAndRejections (node:internal/process/task_queues:105:5)\n    at _runTest (C:\\Users\\ETR Infotech\\Desktop\\task_board\\task-board-ui\\node_modules\\jest-circus\\build\\jestAdapterInit.js:941:5)\n    at C:\\Users\\ETR Infotech\\Desktop\\task_board\\task-board-ui\\node_modules\\jest-circus\\build\\jestAdapterInit.js:849:7\n    at _runTestsForDescribeBlock (C:\\Users\\ETR Infotech\\Desktop\\task_board\\task-board-ui\\node_modules\\jest-circus\\build\\jestAdapterInit.js:862:11)\n    at _runTestsForDescribeBlock (C:\\Users\\ETR Infotech\\Desktop\\task_board\\task-board-ui\\node_modules\\jest-circus\\build\\jestAdapterInit.js:857:11)\n    at _runTestsForDescribeBlock (C:\\Users\\ETR Infotech\\Desktop\\task_board\\task-board-ui\\node_modules\\jest-circus\\build\\jestAdapterInit.js:857:11)\n    at run (C:\\Users\\ETR Infotech\\Desktop\\task_board\\task-board-ui\\node_modules\\jest-circus\\build\\jestAdapterInit.js:761:3)\n    at runAndTransformResultsToJestFormat (C:\\Users\\ETR Infotech\\Desktop\\task_board\\task-board-ui\\node_modules\\jest-circus\\build\\jestAdapterInit.js:1918:21)\n    at jestAdapter (C:\\Users\\ETR Infotech\\Desktop\\task_board\\task-board-ui\\node_modules\\jest-circus\\build\\runner.js:101:19)\n    at runTestInternal (C:\\Users\\ETR Infotech\\Desktop\\task_board\\task-board-ui\\node_modules\\jest-runner\\build\\index.js:275:16)\n    at runTest (C:\\Users\\ETR Infotech\\Desktop\\task_board\\task-board-ui\\node_modules\\jest-runner\\build\\index.js:343:7)"],"fullName":"TaskStore loadTasks should load tasks successfully","invocations":1,"location":null,"numPassingAsserts":0,"retryReasons":[],"startAt":1772068062664,"status":"failed","title":"should load tasks successfully"},{"ancestorTitles":["TaskStore","loadTasks"],"duration":2,"failing":false,"failureDetails":[{}],"failureMessages":["TypeError: Cannot read properties of null (reading 'ngModule')\n    at isModuleWithProviders (C:\\Users\\ETR Infotech\\Desktop\\task_board\\task-board-ui\\node_modules\\@angular\\core\\fesm2022\\_debug_node-chunk.mjs:7259:16)\n    at expandModuleWithProviders (C:\\Users\\ETR Infotech\\Desktop\\task_board\\task-board-ui\\node_modules\\@angular\\core\\fesm2022\\_debug_node-chunk.mjs:17797:7)\n    at Array.map (<anonymous>)\n    at Function.get (C:\\Users\\ETR Infotech\\Desktop\\task_board\\task-board-ui\\node_modules\\@angular\\core\\fesm2022\\_debug_node-chunk.mjs:17512:84)\n    at getNgModuleDef (C:\\Users\\ETR Infotech\\Desktop\\task_board\\task-board-ui\\node_modules\\@angular\\core\\fesm2022\\_untracked-chunk.mjs:476:10)\n    at getNgModuleDefOrThrow (C:\\Users\\ETR Infotech\\Desktop\\task_board\\task-board-ui\\node_modules\\@angular\\core\\fesm2022\\_untracked-chunk.mjs:479:23)\n    at verifySemanticsOfNgModuleDef (C:\\Users\\ETR Infotech\\Desktop\\task_board\\task-board-ui\\node_modules\\@angular\\core\\fesm2022\\_debug_node-chunk.mjs:17585:19)\n    at Function.get (C:\\Users\\ETR Infotech\\Desktop\\task_board\\task-board-ui\\node_modules\\@angular\\core\\fesm2022\\_debug_node-chunk.mjs:17549:22)\n    at TestBedCompiler.applyProviderOverridesInScope (C:\\Users\\ETR Infotech\\Desktop\\task_board\\task-board-ui\\node_modules\\@angular\\core\\fesm2022\\testing.mjs:825:25)\n    at TestBedCompiler.compileTestModule (C:\\Users\\ETR Infotech\\Desktop\\task_board\\task-board-ui\\node_modules\\@angular\\core\\fesm2022\\testing.mjs:1065:10)\n    at TestBedCompiler.finalize (C:\\Users\\ETR Infotech\\Desktop\\task_board\\task-board-ui\\node_modules\\@angular\\core\\fesm2022\\testing.mjs:704:10)\n    at _TestBedImpl.get testModuleRef [as testModuleRef] (C:\\Users\\ETR Infotech\\Desktop\\task_board\\task-board-ui\\node_modules\\@angular\\core\\fesm2022\\testing.mjs:1492:43)\n    at _TestBedImpl.inject (C:\\Users\\ETR Infotech\\Desktop\\task_board\\task-board-ui\\node_modules\\@angular\\core\\fesm2022\\testing.mjs:1413:25)\n    at Function.inject (C:\\Users\\ETR Infotech\\Desktop\\task_board\\task-board-ui\\node_modules\\@angular\\core\\fesm2022\\testing.mjs:1300:33)\n    at Object.<anonymous> (C:\\Users\\ETR Infotech\\Desktop\\task_board\\task-board-ui\\src\\entities\\task\\api\\task.store.spec.ts:39:21)\n    at Promise.finally.completed (C:\\Users\\ETR Infotech\\Desktop\\task_board\\task-board-ui\\node_modules\\jest-circus\\build\\jestAdapterInit.js:1557:28)\n    at new Promise (<anonymous>)\n    at callAsyncCircusFn (C:\\Users\\ETR Infotech\\Desktop\\task_board\\task-board-ui\\node_modules\\jest-circus\\build\\jestAdapterInit.js:1497:10)\n    at _callCircusHook (C:\\Users\\ETR Infotech\\Desktop\\task_board\\task-board-ui\\node_modules\\jest-circus\\build\\jestAdapterInit.js:976:40)\n    at processTicksAndRejections (node:internal/process/task_queues:105:5)\n    at _runTest (C:\\Users\\ETR Infotech\\Desktop\\task_board\\task-board-ui\\node_modules\\jest-circus\\build\\jestAdapterInit.js:941:5)\n    at C:\\Users\\ETR Infotech\\Desktop\\task_board\\task-board-ui\\node_modules\\jest-circus\\build\\jestAdapterInit.js:849:7\n    at _runTestsForDescribeBlock (C:\\Users\\ETR Infotech\\Desktop\\task_board\\task-board-ui\\node_modules\\jest-circus\\build\\jestAdapterInit.js:862:11)\n    at _runTestsForDescribeBlock (C:\\Users\\ETR Infotech\\Desktop\\task_board\\task-board-ui\\node_modules\\jest-circus\\build\\jestAdapterInit.js:857:11)\n    at _runTestsForDescribeBlock (C:\\Users\\ETR Infotech\\Desktop\\task_board\\task-board-ui\\node_modules\\jest-circus\\build\\jestAdapterInit.js:857:11)\n    at run (C:\\Users\\ETR Infotech\\Desktop\\task_board\\task-board-ui\\node_modules\\jest-circus\\build\\jestAdapterInit.js:761:3)\n    at runAndTransformResultsToJestFormat (C:\\Users\\ETR Infotech\\Desktop\\task_board\\task-board-ui\\node_modules\\jest-circus\\build\\jestAdapterInit.js:1918:21)\n    at jestAdapter (C:\\Users\\ETR Infotech\\Desktop\\task_board\\task-board-ui\\node_modules\\jest-circus\\build\\runner.js:101:19)\n    at runTestInternal (C:\\Users\\ETR Infotech\\Desktop\\task_board\\task-board-ui\\node_modules\\jest-runner\\build\\index.js:275:16)\n    at runTest (C:\\Users\\ETR Infotech\\Desktop\\task_board\\task-board-ui\\node_modules\\jest-runner\\build\\index.js:343:7)"],"fullName":"TaskStore loadTasks should handle load error","invocations":1,"location":null,"numPassingAsserts":0,"retryReasons":[],"startAt":1772068062987,"status":"failed","title":"should handle load error"},{"ancestorTitles":["TaskStore","loadTasks"],"duration":1,"failing":false,"failureDetails":[{}],"failureMessages":["TypeError: Cannot read properties of null (reading 'ngModule')\n    at isModuleWithProviders (C:\\Users\\ETR Infotech\\Desktop\\task_board\\task-board-ui\\node_modules\\@angular\\core\\fesm2022\\_debug_node-chunk.mjs:7259:16)\n    at expandModuleWithProviders (C:\\Users\\ETR Infotech\\Desktop\\task_board\\task-board-ui\\node_modules\\@angular\\core\\fesm2022\\_debug_node-chunk.mjs:17797:7)\n    at Array.map (<anonymous>)\n    at Function.get (C:\\Users\\ETR Infotech\\Desktop\\task_board\\task-board-ui\\node_modules\\@angular\\core\\fesm2022\\_debug_node-chunk.mjs:17512:84)\n    at getNgModuleDef (C:\\Users\\ETR Infotech\\Desktop\\task_board\\task-board-ui\\node_modules\\@angular\\core\\fesm2022\\_untracked-chunk.mjs:476:10)\n    at getNgModuleDefOrThrow (C:\\Users\\ETR Infotech\\Desktop\\task_board\\task-board-ui\\node_modules\\@angular\\core\\fesm2022\\_untracked-chunk.mjs:479:23)\n    at verifySemanticsOfNgModuleDef (C:\\Users\\ETR Infotech\\Desktop\\task_board\\task-board-ui\\node_modules\\@angular\\core\\fesm2022\\_debug_node-chunk.mjs:17585:19)\n    at Function.get (C:\\Users\\ETR Infotech\\Desktop\\task_board\\task-board-ui\\node_modules\\@angular\\core\\fesm2022\\_debug_node-chunk.mjs:17549:22)\n    at TestBedCompiler.applyProviderOverridesInScope (C:\\Users\\ETR Infotech\\Desktop\\task_board\\task-board-ui\\node_modules\\@angular\\core\\fesm2022\\testing.mjs:825:25)\n    at TestBedCompiler.compileTestModule (C:\\Users\\ETR Infotech\\Desktop\\task_board\\task-board-ui\\node_modules\\@angular\\core\\fesm2022\\testing.mjs:1065:10)\n    at TestBedCompiler.finalize (C:\\Users\\ETR Infotech\\Desktop\\task_board\\task-board-ui\\node_modules\\@angular\\core\\fesm2022\\testing.mjs:704:10)\n    at _TestBedImpl.get testModuleRef [as testModuleRef] (C:\\Users\\ETR Infotech\\Desktop\\task_board\\task-board-ui\\node_modules\\@angular\\core\\fesm2022\\testing.mjs:1492:43)\n    at _TestBedImpl.inject (C:\\Users\\ETR Infotech\\Desktop\\task_board\\task-board-ui\\node_modules\\@angular\\core\\fesm2022\\testing.mjs:1413:25)\n    at Function.inject (C:\\Users\\ETR Infotech\\Desktop\\task_board\\task-board-ui\\node_modules\\@angular\\core\\fesm2022\\testing.mjs:1300:33)\n    at Object.<anonymous> (C:\\Users\\ETR Infotech\\Desktop\\task_board\\task-board-ui\\src\\entities\\task\\api\\task.store.spec.ts:39:21)\n    at Promise.finally.completed (C:\\Users\\ETR Infotech\\Desktop\\task_board\\task-board-ui\\node_modules\\jest-circus\\build\\jestAdapterInit.js:1557:28)\n    at new Promise (<anonymous>)\n    at callAsyncCircusFn (C:\\Users\\ETR Infotech\\Desktop\\task_board\\task-board-ui\\node_modules\\jest-circus\\build\\jestAdapterInit.js:1497:10)\n    at _callCircusHook (C:\\Users\\ETR Infotech\\Desktop\\task_board\\task-board-ui\\node_modules\\jest-circus\\build\\jestAdapterInit.js:976:40)\n    at processTicksAndRejections (node:internal/process/task_queues:105:5)\n    at _runTest (C:\\Users\\ETR Infotech\\Desktop\\task_board\\task-board-ui\\node_modules\\jest-circus\\build\\jestAdapterInit.js:941:5)\n    at C:\\Users\\ETR Infotech\\Desktop\\task_board\\task-board-ui\\node_modules\\jest-circus\\build\\jestAdapterInit.js:849:7\n    at _runTestsForDescribeBlock (C:\\Users\\ETR Infotech\\Desktop\\task_board\\task-board-ui\\node_modules\\jest-circus\\build\\jestAdapterInit.js:862:11)\n    at _runTestsForDescribeBlock (C:\\Users\\ETR Infotech\\Desktop\\task_board\\task-board-ui\\node_modules\\jest-circus\\build\\jestAdapterInit.js:857:11)\n    at _runTestsForDescribeBlock (C:\\Users\\ETR Infotech\\Desktop\\task_board\\task-board-ui\\node_modules\\jest-circus\\build\\jestAdapterInit.js:857:11)\n    at run (C:\\Users\\ETR Infotech\\Desktop\\task_board\\task-board-ui\\node_modules\\jest-circus\\build\\jestAdapterInit.js:761:3)\n    at runAndTransformResultsToJestFormat (C:\\Users\\ETR Infotech\\Desktop\\task_board\\task-board-ui\\node_modules\\jest-circus\\build\\jestAdapterInit.js:1918:21)\n    at jestAdapter (C:\\Users\\ETR Infotech\\Desktop\\task_board\\task-board-ui\\node_modules\\jest-circus\\build\\runner.js:101:19)\n    at runTestInternal (C:\\Users\\ETR Infotech\\Desktop\\task_board\\task-board-ui\\node_modules\\jest-runner\\build\\index.js:275:16)\n    at runTest (C:\\Users\\ETR Infotech\\Desktop\\task_board\\task-board-ui\\node_modules\\jest-runner\\build\\index.js:343:7)"],"fullName":"TaskStore loadTasks should map flat array response correctly","invocations":1,"location":null,"numPassingAsserts":0,"retryReasons":[],"startAt":1772068062990,"status":"failed","title":"should map flat array response correctly"},{"ancestorTitles":["TaskStore","createTask"],"duration":3,"failing":false,"failureDetails":[{}],"failureMessages":["TypeError: Cannot read properties of null (reading 'ngModule')\n    at isModuleWithProviders (C:\\Users\\ETR Infotech\\Desktop\\task_board\\task-board-ui\\node_modules\\@angular\\core\\fesm2022\\_debug_node-chunk.mjs:7259:16)\n    at expandModuleWithProviders (C:\\Users\\ETR Infotech\\Desktop\\task_board\\task-board-ui\\node_modules\\@angular\\core\\fesm2022\\_debug_node-chunk.mjs:17797:7)\n    at Array.map (<anonymous>)\n    at Function.get (C:\\Users\\ETR Infotech\\Desktop\\task_board\\task-board-ui\\node_modules\\@angular\\core\\fesm2022\\_debug_node-chunk.mjs:17512:84)\n    at getNgModuleDef (C:\\Users\\ETR Infotech\\Desktop\\task_board\\task-board-ui\\node_modules\\@angular\\core\\fesm2022\\_untracked-chunk.mjs:476:10)\n    at getNgModuleDefOrThrow (C:\\Users\\ETR Infotech\\Desktop\\task_board\\task-board-ui\\node_modules\\@angular\\core\\fesm2022\\_untracked-chunk.mjs:479:23)\n    at verifySemanticsOfNgModuleDef (C:\\Users\\ETR Infotech\\Desktop\\task_board\\task-board-ui\\node_modules\\@angular\\core\\fesm2022\\_debug_node-chunk.mjs:17585:19)\n    at Function.get (C:\\Users\\ETR Infotech\\Desktop\\task_board\\task-board-ui\\node_modules\\@angular\\core\\fesm2022\\_debug_node-chunk.mjs:17549:22)\n    at TestBedCompiler.applyProviderOverridesInScope (C:\\Users\\ETR Infotech\\Desktop\\task_board\\task-board-ui\\node_modules\\@angular\\core\\fesm2022\\testing.mjs:825:25)\n    at TestBedCompiler.compileTestModule (C:\\Users\\ETR Infotech\\Desktop\\task_board\\task-board-ui\\node_modules\\@angular\\core\\fesm2022\\testing.mjs:1065:10)\n    at TestBedCompiler.finalize (C:\\Users\\ETR Infotech\\Desktop\\task_board\\task-board-ui\\node_modules\\@angular\\core\\fesm2022\\testing.mjs:704:10)\n    at _TestBedImpl.get testModuleRef [as testModuleRef] (C:\\Users\\ETR Infotech\\Desktop\\task_board\\task-board-ui\\node_modules\\@angular\\core\\fesm2022\\testing.mjs:1492:43)\n    at _TestBedImpl.inject (C:\\Users\\ETR Infotech\\Desktop\\task_board\\task-board-ui\\node_modules\\@angular\\core\\fesm2022\\testing.mjs:1413:25)\n    at Function.inject (C:\\Users\\ETR Infotech\\Desktop\\task_board\\task-board-ui\\node_modules\\@angular\\core\\fesm2022\\testing.mjs:1300:33)\n    at Object.<anonymous> (C:\\Users\\ETR Infotech\\Desktop\\task_board\\task-board-ui\\src\\entities\\task\\api\\task.store.spec.ts:39:21)\n    at Promise.finally.completed (C:\\Users\\ETR Infotech\\Desktop\\task_board\\task-board-ui\\node_modules\\jest-circus\\build\\jestAdapterInit.js:1557:28)\n    at new Promise (<anonymous>)\n    at callAsyncCircusFn (C:\\Users\\ETR Infotech\\Desktop\\task_board\\task-board-ui\\node_modules\\jest-circus\\build\\jestAdapterInit.js:1497:10)\n    at _callCircusHook (C:\\Users\\ETR Infotech\\Desktop\\task_board\\task-board-ui\\node_modules\\jest-circus\\build\\jestAdapterInit.js:976:40)\n    at processTicksAndRejections (node:internal/process/task_queues:105:5)\n    at _runTest (C:\\Users\\ETR Infotech\\Desktop\\task_board\\task-board-ui\\node_modules\\jest-circus\\build\\jestAdapterInit.js:941:5)\n    at C:\\Users\\ETR Infotech\\Desktop\\task_board\\task-board-ui\\node_modules\\jest-circus\\build\\jestAdapterInit.js:849:7\n    at _runTestsForDescribeBlock (C:\\Users\\ETR Infotech\\Desktop\\task_board\\task-board-ui\\node_modules\\jest-circus\\build\\jestAdapterInit.js:862:11)\n    at _runTestsForDescribeBlock (C:\\Users\\ETR Infotech\\Desktop\\task_board\\task-board-ui\\node_modules\\jest-circus\\build\\jestAdapterInit.js:857:11)\n    at _runTestsForDescribeBlock (C:\\Users\\ETR Infotech\\Desktop\\task_board\\task-board-ui\\node_modules\\jest-circus\\build\\jestAdapterInit.js:857:11)\n    at run (C:\\Users\\ETR Infotech\\Desktop\\task_board\\task-board-ui\\node_modules\\jest-circus\\build\\jestAdapterInit.js:761:3)\n    at runAndTransformResultsToJestFormat (C:\\Users\\ETR Infotech\\Desktop\\task_board\\task-board-ui\\node_modules\\jest-circus\\build\\jestAdapterInit.js:1918:21)\n    at jestAdapter (C:\\Users\\ETR Infotech\\Desktop\\task_board\\task-board-ui\\node_modules\\jest-circus\\build\\runner.js:101:19)\n    at runTestInternal (C:\\Users\\ETR Infotech\\Desktop\\task_board\\task-board-ui\\node_modules\\jest-runner\\build\\index.js:275:16)\n    at runTest (C:\\Users\\ETR Infotech\\Desktop\\task_board\\task-board-ui\\node_modules\\jest-runner\\build\\index.js:343:7)"],"fullName":"TaskStore createTask should create task and append to state","invocations":1,"location":null,"numPassingAsserts":0,"retryReasons":[],"startAt":1772068062994,"status":"failed","title":"should create task and append to state"},{"ancestorTitles":["TaskStore","createTask"],"duration":3,"failing":false,"failureDetails":[{}],"failureMessages":["TypeError: Cannot read properties of null (reading 'ngModule')\n    at isModuleWithProviders (C:\\Users\\ETR Infotech\\Desktop\\task_board\\task-board-ui\\node_modules\\@angular\\core\\fesm2022\\_debug_node-chunk.mjs:7259:16)\n    at expandModuleWithProviders (C:\\Users\\ETR Infotech\\Desktop\\task_board\\task-board-ui\\node_modules\\@angular\\core\\fesm2022\\_debug_node-chunk.mjs:17797:7)\n    at Array.map (<anonymous>)\n    at Function.get (C:\\Users\\ETR Infotech\\Desktop\\task_board\\task-board-ui\\node_modules\\@angular\\core\\fesm2022\\_debug_node-chunk.mjs:17512:84)\n    at getNgModuleDef (C:\\Users\\ETR Infotech\\Desktop\\task_board\\task-board-ui\\node_modules\\@angular\\core\\fesm2022\\_untracked-chunk.mjs:476:10)\n    at getNgModuleDefOrThrow (C:\\Users\\ETR Infotech\\Desktop\\task_board\\task-board-ui\\node_modules\\@angular\\core\\fesm2022\\_untracked-chunk.mjs:479:23)\n    at verifySemanticsOfNgModuleDef (C:\\Users\\ETR Infotech\\Desktop\\task_board\\task-board-ui\\node_modules\\@angular\\core\\fesm2022\\_debug_node-chunk.mjs:17585:19)\n    at Function.get (C:\\Users\\ETR Infotech\\Desktop\\task_board\\task-board-ui\\node_modules\\@angular\\core\\fesm2022\\_debug_node-chunk.mjs:17549:22)\n    at TestBedCompiler.applyProviderOverridesInScope (C:\\Users\\ETR Infotech\\Desktop\\task_board\\task-board-ui\\node_modules\\@angular\\core\\fesm2022\\testing.mjs:825:25)\n    at TestBedCompiler.compileTestModule (C:\\Users\\ETR Infotech\\Desktop\\task_board\\task-board-ui\\node_modules\\@angular\\core\\fesm2022\\testing.mjs:1065:10)\n    at TestBedCompiler.finalize (C:\\Users\\ETR Infotech\\Desktop\\task_board\\task-board-ui\\node_modules\\@angular\\core\\fesm2022\\testing.mjs:704:10)\n    at _TestBedImpl.get testModuleRef [as testModuleRef] (C:\\Users\\ETR Infotech\\Desktop\\task_board\\task-board-ui\\node_modules\\@angular\\core\\fesm2022\\testing.mjs:1492:43)\n    at _TestBedImpl.inject (C:\\Users\\ETR Infotech\\Desktop\\task_board\\task-board-ui\\node_modules\\@angular\\core\\fesm2022\\testing.mjs:1413:25)\n    at Function.inject (C:\\Users\\ETR Infotech\\Desktop\\task_board\\task-board-ui\\node_modules\\@angular\\core\\fesm2022\\testing.mjs:1300:33)\n    at Object.<anonymous> (C:\\Users\\ETR Infotech\\Desktop\\task_board\\task-board-ui\\src\\entities\\task\\api\\task.store.spec.ts:39:21)\n    at Promise.finally.completed (C:\\Users\\ETR Infotech\\Desktop\\task_board\\task-board-ui\\node_modules\\jest-circus\\build\\jestAdapterInit.js:1557:28)\n    at new Promise (<anonymous>)\n    at callAsyncCircusFn (C:\\Users\\ETR Infotech\\Desktop\\task_board\\task-board-ui\\node_modules\\jest-circus\\build\\jestAdapterInit.js:1497:10)\n    at _callCircusHook (C:\\Users\\ETR Infotech\\Desktop\\task_board\\task-board-ui\\node_modules\\jest-circus\\build\\jestAdapterInit.js:976:40)\n    at processTicksAndRejections (node:internal/process/task_queues:105:5)\n    at _runTest (C:\\Users\\ETR Infotech\\Desktop\\task_board\\task-board-ui\\node_modules\\jest-circus\\build\\jestAdapterInit.js:941:5)\n    at C:\\Users\\ETR Infotech\\Desktop\\task_board\\task-board-ui\\node_modules\\jest-circus\\build\\jestAdapterInit.js:849:7\n    at _runTestsForDescribeBlock (C:\\Users\\ETR Infotech\\Desktop\\task_board\\task-board-ui\\node_modules\\jest-circus\\build\\jestAdapterInit.js:862:11)\n    at _runTestsForDescribeBlock (C:\\Users\\ETR Infotech\\Desktop\\task_board\\task-board-ui\\node_modules\\jest-circus\\build\\jestAdapterInit.js:857:11)\n    at _runTestsForDescribeBlock (C:\\Users\\ETR Infotech\\Desktop\\task_board\\task-board-ui\\node_modules\\jest-circus\\build\\jestAdapterInit.js:857:11)\n    at run (C:\\Users\\ETR Infotech\\Desktop\\task_board\\task-board-ui\\node_modules\\jest-circus\\build\\jestAdapterInit.js:761:3)\n    at runAndTransformResultsToJestFormat (C:\\Users\\ETR Infotech\\Desktop\\task_board\\task-board-ui\\node_modules\\jest-circus\\build\\jestAdapterInit.js:1918:21)\n    at jestAdapter (C:\\Users\\ETR Infotech\\Desktop\\task_board\\task-board-ui\\node_modules\\jest-circus\\build\\runner.js:101:19)\n    at runTestInternal (C:\\Users\\ETR Infotech\\Desktop\\task_board\\task-board-ui\\node_modules\\jest-runner\\build\\index.js:275:16)\n    at runTest (C:\\Users\\ETR Infotech\\Desktop\\task_board\\task-board-ui\\node_modules\\jest-runner\\build\\index.js:343:7)"],"fullName":"TaskStore createTask should handle create error","invocations":1,"location":null,"numPassingAsserts":0,"retryReasons":[],"startAt":1772068062999,"status":"failed","title":"should handle create error"},{"ancestorTitles":["TaskStore","updateTask"],"duration":4,"failing":false,"failureDetails":[{}],"failureMessages":["TypeError: Cannot read properties of null (reading 'ngModule')\n    at isModuleWithProviders (C:\\Users\\ETR Infotech\\Desktop\\task_board\\task-board-ui\\node_modules\\@angular\\core\\fesm2022\\_debug_node-chunk.mjs:7259:16)\n    at expandModuleWithProviders (C:\\Users\\ETR Infotech\\Desktop\\task_board\\task-board-ui\\node_modules\\@angular\\core\\fesm2022\\_debug_node-chunk.mjs:17797:7)\n    at Array.map (<anonymous>)\n    at Function.get (C:\\Users\\ETR Infotech\\Desktop\\task_board\\task-board-ui\\node_modules\\@angular\\core\\fesm2022\\_debug_node-chunk.mjs:17512:84)\n    at getNgModuleDef (C:\\Users\\ETR Infotech\\Desktop\\task_board\\task-board-ui\\node_modules\\@angular\\core\\fesm2022\\_untracked-chunk.mjs:476:10)\n    at getNgModuleDefOrThrow (C:\\Users\\ETR Infotech\\Desktop\\task_board\\task-board-ui\\node_modules\\@angular\\core\\fesm2022\\_untracked-chunk.mjs:479:23)\n    at verifySemanticsOfNgModuleDef (C:\\Users\\ETR Infotech\\Desktop\\task_board\\task-board-ui\\node_modules\\@angular\\core\\fesm2022\\_debug_node-chunk.mjs:17585:19)\n    at Function.get (C:\\Users\\ETR Infotech\\Desktop\\task_board\\task-board-ui\\node_modules\\@angular\\core\\fesm2022\\_debug_node-chunk.mjs:17549:22)\n    at TestBedCompiler.applyProviderOverridesInScope (C:\\Users\\ETR Infotech\\Desktop\\task_board\\task-board-ui\\node_modules\\@angular\\core\\fesm2022\\testing.mjs:825:25)\n    at TestBedCompiler.compileTestModule (C:\\Users\\ETR Infotech\\Desktop\\task_board\\task-board-ui\\node_modules\\@angular\\core\\fesm2022\\testing.mjs:1065:10)\n    at TestBedCompiler.finalize (C:\\Users\\ETR Infotech\\Desktop\\task_board\\task-board-ui\\node_modules\\@angular\\core\\fesm2022\\testing.mjs:704:10)\n    at _TestBedImpl.get testModuleRef [as testModuleRef] (C:\\Users\\ETR Infotech\\Desktop\\task_board\\task-board-ui\\node_modules\\@angular\\core\\fesm2022\\testing.mjs:1492:43)\n    at _TestBedImpl.inject (C:\\Users\\ETR Infotech\\Desktop\\task_board\\task-board-ui\\node_modules\\@angular\\core\\fesm2022\\testing.mjs:1413:25)\n    at Function.inject (C:\\Users\\ETR Infotech\\Desktop\\task_board\\task-board-ui\\node_modules\\@angular\\core\\fesm2022\\testing.mjs:1300:33)\n    at Object.<anonymous> (C:\\Users\\ETR Infotech\\Desktop\\task_board\\task-board-ui\\src\\entities\\task\\api\\task.store.spec.ts:39:21)\n    at Promise.finally.completed (C:\\Users\\ETR Infotech\\Desktop\\task_board\\task-board-ui\\node_modules\\jest-circus\\build\\jestAdapterInit.js:1557:28)\n    at new Promise (<anonymous>)\n    at callAsyncCircusFn (C:\\Users\\ETR Infotech\\Desktop\\task_board\\task-board-ui\\node_modules\\jest-circus\\build\\jestAdapterInit.js:1497:10)\n    at _callCircusHook (C:\\Users\\ETR Infotech\\Desktop\\task_board\\task-board-ui\\node_modules\\jest-circus\\build\\jestAdapterInit.js:976:40)\n    at processTicksAndRejections (node:internal/process/task_queues:105:5)\n    at _runTest (C:\\Users\\ETR Infotech\\Desktop\\task_board\\task-board-ui\\node_modules\\jest-circus\\build\\jestAdapterInit.js:941:5)\n    at C:\\Users\\ETR Infotech\\Desktop\\task_board\\task-board-ui\\node_modules\\jest-circus\\build\\jestAdapterInit.js:849:7\n    at _runTestsForDescribeBlock (C:\\Users\\ETR Infotech\\Desktop\\task_board\\task-board-ui\\node_modules\\jest-circus\\build\\jestAdapterInit.js:862:11)\n    at _runTestsForDescribeBlock (C:\\Users\\ETR Infotech\\Desktop\\task_board\\task-board-ui\\node_modules\\jest-circus\\build\\jestAdapterInit.js:857:11)\n    at _runTestsForDescribeBlock (C:\\Users\\ETR Infotech\\Desktop\\task_board\\task-board-ui\\node_modules\\jest-circus\\build\\jestAdapterInit.js:857:11)\n    at run (C:\\Users\\ETR Infotech\\Desktop\\task_board\\task-board-ui\\node_modules\\jest-circus\\build\\jestAdapterInit.js:761:3)\n    at runAndTransformResultsToJestFormat (C:\\Users\\ETR Infotech\\Desktop\\task_board\\task-board-ui\\node_modules\\jest-circus\\build\\jestAdapterInit.js:1918:21)\n    at jestAdapter (C:\\Users\\ETR Infotech\\Desktop\\task_board\\task-board-ui\\node_modules\\jest-circus\\build\\runner.js:101:19)\n    at runTestInternal (C:\\Users\\ETR Infotech\\Desktop\\task_board\\task-board-ui\\node_modules\\jest-runner\\build\\index.js:275:16)\n    at runTest (C:\\Users\\ETR Infotech\\Desktop\\task_board\\task-board-ui\\node_modules\\jest-runner\\build\\index.js:343:7)"],"fullName":"TaskStore updateTask should optimistically update task and call service","invocations":1,"location":null,"numPassingAsserts":0,"retryReasons":[],"startAt":1772068063005,"status":"failed","title":"should optimistically update task and call service"},{"ancestorTitles":["TaskStore","updateTask"],"duration":2,"failing":false,"failureDetails":[{}],"failureMessages":["TypeError: Cannot read properties of null (reading 'ngModule')\n    at isModuleWithProviders (C:\\Users\\ETR Infotech\\Desktop\\task_board\\task-board-ui\\node_modules\\@angular\\core\\fesm2022\\_debug_node-chunk.mjs:7259:16)\n    at expandModuleWithProviders (C:\\Users\\ETR Infotech\\Desktop\\task_board\\task-board-ui\\node_modules\\@angular\\core\\fesm2022\\_debug_node-chunk.mjs:17797:7)\n    at Array.map (<anonymous>)\n    at Function.get (C:\\Users\\ETR Infotech\\Desktop\\task_board\\task-board-ui\\node_modules\\@angular\\core\\fesm2022\\_debug_node-chunk.mjs:17512:84)\n    at getNgModuleDef (C:\\Users\\ETR Infotech\\Desktop\\task_board\\task-board-ui\\node_modules\\@angular\\core\\fesm2022\\_untracked-chunk.mjs:476:10)\n    at getNgModuleDefOrThrow (C:\\Users\\ETR Infotech\\Desktop\\task_board\\task-board-ui\\node_modules\\@angular\\core\\fesm2022\\_untracked-chunk.mjs:479:23)\n    at verifySemanticsOfNgModuleDef (C:\\Users\\ETR Infotech\\Desktop\\task_board\\task-board-ui\\node_modules\\@angular\\core\\fesm2022\\_debug_node-chunk.mjs:17585:19)\n    at Function.get (C:\\Users\\ETR Infotech\\Desktop\\task_board\\task-board-ui\\node_modules\\@angular\\core\\fesm2022\\_debug_node-chunk.mjs:17549:22)\n    at TestBedCompiler.applyProviderOverridesInScope (C:\\Users\\ETR Infotech\\Desktop\\task_board\\task-board-ui\\node_modules\\@angular\\core\\fesm2022\\testing.mjs:825:25)\n    at TestBedCompiler.compileTestModule (C:\\Users\\ETR Infotech\\Desktop\\task_board\\task-board-ui\\node_modules\\@angular\\core\\fesm2022\\testing.mjs:1065:10)\n    at TestBedCompiler.finalize (C:\\Users\\ETR Infotech\\Desktop\\task_board\\task-board-ui\\node_modules\\@angular\\core\\fesm2022\\testing.mjs:704:10)\n    at _TestBedImpl.get testModuleRef [as testModuleRef] (C:\\Users\\ETR Infotech\\Desktop\\task_board\\task-board-ui\\node_modules\\@angular\\core\\fesm2022\\testing.mjs:1492:43)\n    at _TestBedImpl.inject (C:\\Users\\ETR Infotech\\Desktop\\task_board\\task-board-ui\\node_modules\\@angular\\core\\fesm2022\\testing.mjs:1413:25)\n    at Function.inject (C:\\Users\\ETR Infotech\\Desktop\\task_board\\task-board-ui\\node_modules\\@angular\\core\\fesm2022\\testing.mjs:1300:33)\n    at Object.<anonymous> (C:\\Users\\ETR Infotech\\Desktop\\task_board\\task-board-ui\\src\\entities\\task\\api\\task.store.spec.ts:39:21)\n    at Promise.finally.completed (C:\\Users\\ETR Infotech\\Desktop\\task_board\\task-board-ui\\node_modules\\jest-circus\\build\\jestAdapterInit.js:1557:28)\n    at new Promise (<anonymous>)\n    at callAsyncCircusFn (C:\\Users\\ETR Infotech\\Desktop\\task_board\\task-board-ui\\node_modules\\jest-circus\\build\\jestAdapterInit.js:1497:10)\n    at _callCircusHook (C:\\Users\\ETR Infotech\\Desktop\\task_board\\task-board-ui\\node_modules\\jest-circus\\build\\jestAdapterInit.js:976:40)\n    at processTicksAndRejections (node:internal/process/task_queues:105:5)\n    at _runTest (C:\\Users\\ETR Infotech\\Desktop\\task_board\\task-board-ui\\node_modules\\jest-circus\\build\\jestAdapterInit.js:941:5)\n    at C:\\Users\\ETR Infotech\\Desktop\\task_board\\task-board-ui\\node_modules\\jest-circus\\build\\jestAdapterInit.js:849:7\n    at _runTestsForDescribeBlock (C:\\Users\\ETR Infotech\\Desktop\\task_board\\task-board-ui\\node_modules\\jest-circus\\build\\jestAdapterInit.js:862:11)\n    at _runTestsForDescribeBlock (C:\\Users\\ETR Infotech\\Desktop\\task_board\\task-board-ui\\node_modules\\jest-circus\\build\\jestAdapterInit.js:857:11)\n    at _runTestsForDescribeBlock (C:\\Users\\ETR Infotech\\Desktop\\task_board\\task-board-ui\\node_modules\\jest-circus\\build\\jestAdapterInit.js:857:11)\n    at run (C:\\Users\\ETR Infotech\\Desktop\\task_board\\task-board-ui\\node_modules\\jest-circus\\build\\jestAdapterInit.js:761:3)\n    at runAndTransformResultsToJestFormat (C:\\Users\\ETR Infotech\\Desktop\\task_board\\task-board-ui\\node_modules\\jest-circus\\build\\jestAdapterInit.js:1918:21)\n    at jestAdapter (C:\\Users\\ETR Infotech\\Desktop\\task_board\\task-board-ui\\node_modules\\jest-circus\\build\\runner.js:101:19)\n    at runTestInternal (C:\\Users\\ETR Infotech\\Desktop\\task_board\\task-board-ui\\node_modules\\jest-runner\\build\\index.js:275:16)\n    at runTest (C:\\Users\\ETR Infotech\\Desktop\\task_board\\task-board-ui\\node_modules\\jest-runner\\build\\index.js:343:7)"],"fullName":"TaskStore updateTask should rollback on update error","invocations":1,"location":null,"numPassingAsserts":0,"retryReasons":[],"startAt":1772068063012,"status":"failed","title":"should rollback on update error"},{"ancestorTitles":["TaskStore","deleteTask"],"duration":2,"failing":false,"failureDetails":[{}],"failureMessages":["TypeError: Cannot read properties of null (reading 'ngModule')\n    at isModuleWithProviders (C:\\Users\\ETR Infotech\\Desktop\\task_board\\task-board-ui\\node_modules\\@angular\\core\\fesm2022\\_debug_node-chunk.mjs:7259:16)\n    at expandModuleWithProviders (C:\\Users\\ETR Infotech\\Desktop\\task_board\\task-board-ui\\node_modules\\@angular\\core\\fesm2022\\_debug_node-chunk.mjs:17797:7)\n    at Array.map (<anonymous>)\n    at Function.get (C:\\Users\\ETR Infotech\\Desktop\\task_board\\task-board-ui\\node_modules\\@angular\\core\\fesm2022\\_debug_node-chunk.mjs:17512:84)\n    at getNgModuleDef (C:\\Users\\ETR Infotech\\Desktop\\task_board\\task-board-ui\\node_modules\\@angular\\core\\fesm2022\\_untracked-chunk.mjs:476:10)\n    at getNgModuleDefOrThrow (C:\\Users\\ETR Infotech\\Desktop\\task_board\\task-board-ui\\node_modules\\@angular\\core\\fesm2022\\_untracked-chunk.mjs:479:23)\n    at verifySemanticsOfNgModuleDef (C:\\Users\\ETR Infotech\\Desktop\\task_board\\task-board-ui\\node_modules\\@angular\\core\\fesm2022\\_debug_node-chunk.mjs:17585:19)\n    at Function.get (C:\\Users\\ETR Infotech\\Desktop\\task_board\\task-board-ui\\node_modules\\@angular\\core\\fesm2022\\_debug_node-chunk.mjs:17549:22)\n    at TestBedCompiler.applyProviderOverridesInScope (C:\\Users\\ETR Infotech\\Desktop\\task_board\\task-board-ui\\node_modules\\@angular\\core\\fesm2022\\testing.mjs:825:25)\n    at TestBedCompiler.compileTestModule (C:\\Users\\ETR Infotech\\Desktop\\task_board\\task-board-ui\\node_modules\\@angular\\core\\fesm2022\\testing.mjs:1065:10)\n    at TestBedCompiler.finalize (C:\\Users\\ETR Infotech\\Desktop\\task_board\\task-board-ui\\node_modules\\@angular\\core\\fesm2022\\testing.mjs:704:10)\n    at _TestBedImpl.get testModuleRef [as testModuleRef] (C:\\Users\\ETR Infotech\\Desktop\\task_board\\task-board-ui\\node_modules\\@angular\\core\\fesm2022\\testing.mjs:1492:43)\n    at _TestBedImpl.inject (C:\\Users\\ETR Infotech\\Desktop\\task_board\\task-board-ui\\node_modules\\@angular\\core\\fesm2022\\testing.mjs:1413:25)\n    at Function.inject (C:\\Users\\ETR Infotech\\Desktop\\task_board\\task-board-ui\\node_modules\\@angular\\core\\fesm2022\\testing.mjs:1300:33)\n    at Object.<anonymous> (C:\\Users\\ETR Infotech\\Desktop\\task_board\\task-board-ui\\src\\entities\\task\\api\\task.store.spec.ts:39:21)\n    at Promise.finally.completed (C:\\Users\\ETR Infotech\\Desktop\\task_board\\task-board-ui\\node_modules\\jest-circus\\build\\jestAdapterInit.js:1557:28)\n    at new Promise (<anonymous>)\n    at callAsyncCircusFn (C:\\Users\\ETR Infotech\\Desktop\\task_board\\task-board-ui\\node_modules\\jest-circus\\build\\jestAdapterInit.js:1497:10)\n    at _callCircusHook (C:\\Users\\ETR Infotech\\Desktop\\task_board\\task-board-ui\\node_modules\\jest-circus\\build\\jestAdapterInit.js:976:40)\n    at processTicksAndRejections (node:internal/process/task_queues:105:5)\n    at _runTest (C:\\Users\\ETR Infotech\\Desktop\\task_board\\task-board-ui\\node_modules\\jest-circus\\build\\jestAdapterInit.js:941:5)\n    at C:\\Users\\ETR Infotech\\Desktop\\task_board\\task-board-ui\\node_modules\\jest-circus\\build\\jestAdapterInit.js:849:7\n    at _runTestsForDescribeBlock (C:\\Users\\ETR Infotech\\Desktop\\task_board\\task-board-ui\\node_modules\\jest-circus\\build\\jestAdapterInit.js:862:11)\n    at _runTestsForDescribeBlock (C:\\Users\\ETR Infotech\\Desktop\\task_board\\task-board-ui\\node_modules\\jest-circus\\build\\jestAdapterInit.js:857:11)\n    at _runTestsForDescribeBlock (C:\\Users\\ETR Infotech\\Desktop\\task_board\\task-board-ui\\node_modules\\jest-circus\\build\\jestAdapterInit.js:857:11)\n    at run (C:\\Users\\ETR Infotech\\Desktop\\task_board\\task-board-ui\\node_modules\\jest-circus\\build\\jestAdapterInit.js:761:3)\n    at runAndTransformResultsToJestFormat (C:\\Users\\ETR Infotech\\Desktop\\task_board\\task-board-ui\\node_modules\\jest-circus\\build\\jestAdapterInit.js:1918:21)\n    at jestAdapter (C:\\Users\\ETR Infotech\\Desktop\\task_board\\task-board-ui\\node_modules\\jest-circus\\build\\runner.js:101:19)\n    at runTestInternal (C:\\Users\\ETR Infotech\\Desktop\\task_board\\task-board-ui\\node_modules\\jest-runner\\build\\index.js:275:16)\n    at runTest (C:\\Users\\ETR Infotech\\Desktop\\task_board\\task-board-ui\\node_modules\\jest-runner\\build\\index.js:343:7)"],"fullName":"TaskStore deleteTask should optimistically delete task","invocations":1,"location":null,"numPassingAsserts":0,"retryReasons":[],"startAt":1772068063015,"status":"failed","title":"should optimistically delete task"},{"ancestorTitles":["TaskStore","deleteTask"],"duration":3,"failing":false,"failureDetails":[{}],"failureMessages":["TypeError: Cannot read properties of null (reading 'ngModule')\n    at isModuleWithProviders (C:\\Users\\ETR Infotech\\Desktop\\task_board\\task-board-ui\\node_modules\\@angular\\core\\fesm2022\\_debug_node-chunk.mjs:7259:16)\n    at expandModuleWithProviders (C:\\Users\\ETR Infotech\\Desktop\\task_board\\task-board-ui\\node_modules\\@angular\\core\\fesm2022\\_debug_node-chunk.mjs:17797:7)\n    at Array.map (<anonymous>)\n    at Function.get (C:\\Users\\ETR Infotech\\Desktop\\task_board\\task-board-ui\\node_modules\\@angular\\core\\fesm2022\\_debug_node-chunk.mjs:17512:84)\n    at getNgModuleDef (C:\\Users\\ETR Infotech\\Desktop\\task_board\\task-board-ui\\node_modules\\@angular\\core\\fesm2022\\_untracked-chunk.mjs:476:10)\n    at getNgModuleDefOrThrow (C:\\Users\\ETR Infotech\\Desktop\\task_board\\task-board-ui\\node_modules\\@angular\\core\\fesm2022\\_untracked-chunk.mjs:479:23)\n    at verifySemanticsOfNgModuleDef (C:\\Users\\ETR Infotech\\Desktop\\task_board\\task-board-ui\\node_modules\\@angular\\core\\fesm2022\\_debug_node-chunk.mjs:17585:19)\n    at Function.get (C:\\Users\\ETR Infotech\\Desktop\\task_board\\task-board-ui\\node_modules\\@angular\\core\\fesm2022\\_debug_node-chunk.mjs:17549:22)\n    at TestBedCompiler.applyProviderOverridesInScope (C:\\Users\\ETR Infotech\\Desktop\\task_board\\task-board-ui\\node_modules\\@angular\\core\\fesm2022\\testing.mjs:825:25)\n    at TestBedCompiler.compileTestModule (C:\\Users\\ETR Infotech\\Desktop\\task_board\\task-board-ui\\node_modules\\@angular\\core\\fesm2022\\testing.mjs:1065:10)\n    at TestBedCompiler.finalize (C:\\Users\\ETR Infotech\\Desktop\\task_board\\task-board-ui\\node_modules\\@angular\\core\\fesm2022\\testing.mjs:704:10)\n    at _TestBedImpl.get testModuleRef [as testModuleRef] (C:\\Users\\ETR Infotech\\Desktop\\task_board\\task-board-ui\\node_modules\\@angular\\core\\fesm2022\\testing.mjs:1492:43)\n    at _TestBedImpl.inject (C:\\Users\\ETR Infotech\\Desktop\\task_board\\task-board-ui\\node_modules\\@angular\\core\\fesm2022\\testing.mjs:1413:25)\n    at Function.inject (C:\\Users\\ETR Infotech\\Desktop\\task_board\\task-board-ui\\node_modules\\@angular\\core\\fesm2022\\testing.mjs:1300:33)\n    at Object.<anonymous> (C:\\Users\\ETR Infotech\\Desktop\\task_board\\task-board-ui\\src\\entities\\task\\api\\task.store.spec.ts:39:21)\n    at Promise.finally.completed (C:\\Users\\ETR Infotech\\Desktop\\task_board\\task-board-ui\\node_modules\\jest-circus\\build\\jestAdapterInit.js:1557:28)\n    at new Promise (<anonymous>)\n    at callAsyncCircusFn (C:\\Users\\ETR Infotech\\Desktop\\task_board\\task-board-ui\\node_modules\\jest-circus\\build\\jestAdapterInit.js:1497:10)\n    at _callCircusHook (C:\\Users\\ETR Infotech\\Desktop\\task_board\\task-board-ui\\node_modules\\jest-circus\\build\\jestAdapterInit.js:976:40)\n    at processTicksAndRejections (node:internal/process/task_queues:105:5)\n    at _runTest (C:\\Users\\ETR Infotech\\Desktop\\task_board\\task-board-ui\\node_modules\\jest-circus\\build\\jestAdapterInit.js:941:5)\n    at C:\\Users\\ETR Infotech\\Desktop\\task_board\\task-board-ui\\node_modules\\jest-circus\\build\\jestAdapterInit.js:849:7\n    at _runTestsForDescribeBlock (C:\\Users\\ETR Infotech\\Desktop\\task_board\\task-board-ui\\node_modules\\jest-circus\\build\\jestAdapterInit.js:862:11)\n    at _runTestsForDescribeBlock (C:\\Users\\ETR Infotech\\Desktop\\task_board\\task-board-ui\\node_modules\\jest-circus\\build\\jestAdapterInit.js:857:11)\n    at _runTestsForDescribeBlock (C:\\Users\\ETR Infotech\\Desktop\\task_board\\task-board-ui\\node_modules\\jest-circus\\build\\jestAdapterInit.js:857:11)\n    at run (C:\\Users\\ETR Infotech\\Desktop\\task_board\\task-board-ui\\node_modules\\jest-circus\\build\\jestAdapterInit.js:761:3)\n    at runAndTransformResultsToJestFormat (C:\\Users\\ETR Infotech\\Desktop\\task_board\\task-board-ui\\node_modules\\jest-circus\\build\\jestAdapterInit.js:1918:21)\n    at jestAdapter (C:\\Users\\ETR Infotech\\Desktop\\task_board\\task-board-ui\\node_modules\\jest-circus\\build\\runner.js:101:19)\n    at runTestInternal (C:\\Users\\ETR Infotech\\Desktop\\task_board\\task-board-ui\\node_modules\\jest-runner\\build\\index.js:275:16)\n    at runTest (C:\\Users\\ETR Infotech\\Desktop\\task_board\\task-board-ui\\node_modules\\jest-runner\\build\\index.js:343:7)"],"fullName":"TaskStore deleteTask should rollback on delete error","invocations":1,"location":null,"numPassingAsserts":0,"retryReasons":[],"startAt":1772068063018,"status":"failed","title":"should rollback on delete error"},{"ancestorTitles":["TaskStore","moveTask"],"duration":3,"failing":false,"failureDetails":[{}],"failureMessages":["TypeError: Cannot read properties of null (reading 'ngModule')\n    at isModuleWithProviders (C:\\Users\\ETR Infotech\\Desktop\\task_board\\task-board-ui\\node_modules\\@angular\\core\\fesm2022\\_debug_node-chunk.mjs:7259:16)\n    at expandModuleWithProviders (C:\\Users\\ETR Infotech\\Desktop\\task_board\\task-board-ui\\node_modules\\@angular\\core\\fesm2022\\_debug_node-chunk.mjs:17797:7)\n    at Array.map (<anonymous>)\n    at Function.get (C:\\Users\\ETR Infotech\\Desktop\\task_board\\task-board-ui\\node_modules\\@angular\\core\\fesm2022\\_debug_node-chunk.mjs:17512:84)\n    at getNgModuleDef (C:\\Users\\ETR Infotech\\Desktop\\task_board\\task-board-ui\\node_modules\\@angular\\core\\fesm2022\\_untracked-chunk.mjs:476:10)\n    at getNgModuleDefOrThrow (C:\\Users\\ETR Infotech\\Desktop\\task_board\\task-board-ui\\node_modules\\@angular\\core\\fesm2022\\_untracked-chunk.mjs:479:23)\n    at verifySemanticsOfNgModuleDef (C:\\Users\\ETR Infotech\\Desktop\\task_board\\task-board-ui\\node_modules\\@angular\\core\\fesm2022\\_debug_node-chunk.mjs:17585:19)\n    at Function.get (C:\\Users\\ETR Infotech\\Desktop\\task_board\\task-board-ui\\node_modules\\@angular\\core\\fesm2022\\_debug_node-chunk.mjs:17549:22)\n    at TestBedCompiler.applyProviderOverridesInScope (C:\\Users\\ETR Infotech\\Desktop\\task_board\\task-board-ui\\node_modules\\@angular\\core\\fesm2022\\testing.mjs:825:25)\n    at TestBedCompiler.compileTestModule (C:\\Users\\ETR Infotech\\Desktop\\task_board\\task-board-ui\\node_modules\\@angular\\core\\fesm2022\\testing.mjs:1065:10)\n    at TestBedCompiler.finalize (C:\\Users\\ETR Infotech\\Desktop\\task_board\\task-board-ui\\node_modules\\@angular\\core\\fesm2022\\testing.mjs:704:10)\n    at _TestBedImpl.get testModuleRef [as testModuleRef] (C:\\Users\\ETR Infotech\\Desktop\\task_board\\task-board-ui\\node_modules\\@angular\\core\\fesm2022\\testing.mjs:1492:43)\n    at _TestBedImpl.inject (C:\\Users\\ETR Infotech\\Desktop\\task_board\\task-board-ui\\node_modules\\@angular\\core\\fesm2022\\testing.mjs:1413:25)\n    at Function.inject (C:\\Users\\ETR Infotech\\Desktop\\task_board\\task-board-ui\\node_modules\\@angular\\core\\fesm2022\\testing.mjs:1300:33)\n    at Object.<anonymous> (C:\\Users\\ETR Infotech\\Desktop\\task_board\\task-board-ui\\src\\entities\\task\\api\\task.store.spec.ts:39:21)\n    at Promise.finally.completed (C:\\Users\\ETR Infotech\\Desktop\\task_board\\task-board-ui\\node_modules\\jest-circus\\build\\jestAdapterInit.js:1557:28)\n    at new Promise (<anonymous>)\n    at callAsyncCircusFn (C:\\Users\\ETR Infotech\\Desktop\\task_board\\task-board-ui\\node_modules\\jest-circus\\build\\jestAdapterInit.js:1497:10)\n    at _callCircusHook (C:\\Users\\ETR Infotech\\Desktop\\task_board\\task-board-ui\\node_modules\\jest-circus\\build\\jestAdapterInit.js:976:40)\n    at processTicksAndRejections (node:internal/process/task_queues:105:5)\n    at _runTest (C:\\Users\\ETR Infotech\\Desktop\\task_board\\task-board-ui\\node_modules\\jest-circus\\build\\jestAdapterInit.js:941:5)\n    at C:\\Users\\ETR Infotech\\Desktop\\task_board\\task-board-ui\\node_modules\\jest-circus\\build\\jestAdapterInit.js:849:7\n    at _runTestsForDescribeBlock (C:\\Users\\ETR Infotech\\Desktop\\task_board\\task-board-ui\\node_modules\\jest-circus\\build\\jestAdapterInit.js:862:11)\n    at _runTestsForDescribeBlock (C:\\Users\\ETR Infotech\\Desktop\\task_board\\task-board-ui\\node_modules\\jest-circus\\build\\jestAdapterInit.js:857:11)\n    at _runTestsForDescribeBlock (C:\\Users\\ETR Infotech\\Desktop\\task_board\\task-board-ui\\node_modules\\jest-circus\\build\\jestAdapterInit.js:857:11)\n    at run (C:\\Users\\ETR Infotech\\Desktop\\task_board\\task-board-ui\\node_modules\\jest-circus\\build\\jestAdapterInit.js:761:3)\n    at runAndTransformResultsToJestFormat (C:\\Users\\ETR Infotech\\Desktop\\task_board\\task-board-ui\\node_modules\\jest-circus\\build\\jestAdapterInit.js:1918:21)\n    at jestAdapter (C:\\Users\\ETR Infotech\\Desktop\\task_board\\task-board-ui\\node_modules\\jest-circus\\build\\runner.js:101:19)\n    at runTestInternal (C:\\Users\\ETR Infotech\\Desktop\\task_board\\task-board-ui\\node_modules\\jest-runner\\build\\index.js:275:16)\n    at runTest (C:\\Users\\ETR Infotech\\Desktop\\task_board\\task-board-ui\\node_modules\\jest-runner\\build\\index.js:343:7)"],"fullName":"TaskStore moveTask should optimistically move task","invocations":1,"location":null,"numPassingAsserts":0,"retryReasons":[],"startAt":1772068063023,"status":"failed","title":"should optimistically move task"},{"ancestorTitles":["TaskStore","moveTask"],"duration":2,"failing":false,"failureDetails":[{}],"failureMessages":["TypeError: Cannot read properties of null (reading 'ngModule')\n    at isModuleWithProviders (C:\\Users\\ETR Infotech\\Desktop\\task_board\\task-board-ui\\node_modules\\@angular\\core\\fesm2022\\_debug_node-chunk.mjs:7259:16)\n    at expandModuleWithProviders (C:\\Users\\ETR Infotech\\Desktop\\task_board\\task-board-ui\\node_modules\\@angular\\core\\fesm2022\\_debug_node-chunk.mjs:17797:7)\n    at Array.map (<anonymous>)\n    at Function.get (C:\\Users\\ETR Infotech\\Desktop\\task_board\\task-board-ui\\node_modules\\@angular\\core\\fesm2022\\_debug_node-chunk.mjs:17512:84)\n    at getNgModuleDef (C:\\Users\\ETR Infotech\\Desktop\\task_board\\task-board-ui\\node_modules\\@angular\\core\\fesm2022\\_untracked-chunk.mjs:476:10)\n    at getNgModuleDefOrThrow (C:\\Users\\ETR Infotech\\Desktop\\task_board\\task-board-ui\\node_modules\\@angular\\core\\fesm2022\\_untracked-chunk.mjs:479:23)\n    at verifySemanticsOfNgModuleDef (C:\\Users\\ETR Infotech\\Desktop\\task_board\\task-board-ui\\node_modules\\@angular\\core\\fesm2022\\_debug_node-chunk.mjs:17585:19)\n    at Function.get (C:\\Users\\ETR Infotech\\Desktop\\task_board\\task-board-ui\\node_modules\\@angular\\core\\fesm2022\\_debug_node-chunk.mjs:17549:22)\n    at TestBedCompiler.applyProviderOverridesInScope (C:\\Users\\ETR Infotech\\Desktop\\task_board\\task-board-ui\\node_modules\\@angular\\core\\fesm2022\\testing.mjs:825:25)\n    at TestBedCompiler.compileTestModule (C:\\Users\\ETR Infotech\\Desktop\\task_board\\task-board-ui\\node_modules\\@angular\\core\\fesm2022\\testing.mjs:1065:10)\n    at TestBedCompiler.finalize (C:\\Users\\ETR Infotech\\Desktop\\task_board\\task-board-ui\\node_modules\\@angular\\core\\fesm2022\\testing.mjs:704:10)\n    at _TestBedImpl.get testModuleRef [as testModuleRef] (C:\\Users\\ETR Infotech\\Desktop\\task_board\\task-board-ui\\node_modules\\@angular\\core\\fesm2022\\testing.mjs:1492:43)\n    at _TestBedImpl.inject (C:\\Users\\ETR Infotech\\Desktop\\task_board\\task-board-ui\\node_modules\\@angular\\core\\fesm2022\\testing.mjs:1413:25)\n    at Function.inject (C:\\Users\\ETR Infotech\\Desktop\\task_board\\task-board-ui\\node_modules\\@angular\\core\\fesm2022\\testing.mjs:1300:33)\n    at Object.<anonymous> (C:\\Users\\ETR Infotech\\Desktop\\task_board\\task-board-ui\\src\\entities\\task\\api\\task.store.spec.ts:39:21)\n    at Promise.finally.completed (C:\\Users\\ETR Infotech\\Desktop\\task_board\\task-board-ui\\node_modules\\jest-circus\\build\\jestAdapterInit.js:1557:28)\n    at new Promise (<anonymous>)\n    at callAsyncCircusFn (C:\\Users\\ETR Infotech\\Desktop\\task_board\\task-board-ui\\node_modules\\jest-circus\\build\\jestAdapterInit.js:1497:10)\n    at _callCircusHook (C:\\Users\\ETR Infotech\\Desktop\\task_board\\task-board-ui\\node_modules\\jest-circus\\build\\jestAdapterInit.js:976:40)\n    at processTicksAndRejections (node:internal/process/task_queues:105:5)\n    at _runTest (C:\\Users\\ETR Infotech\\Desktop\\task_board\\task-board-ui\\node_modules\\jest-circus\\build\\jestAdapterInit.js:941:5)\n    at C:\\Users\\ETR Infotech\\Desktop\\task_board\\task-board-ui\\node_modules\\jest-circus\\build\\jestAdapterInit.js:849:7\n    at _runTestsForDescribeBlock (C:\\Users\\ETR Infotech\\Desktop\\task_board\\task-board-ui\\node_modules\\jest-circus\\build\\jestAdapterInit.js:862:11)\n    at _runTestsForDescribeBlock (C:\\Users\\ETR Infotech\\Desktop\\task_board\\task-board-ui\\node_modules\\jest-circus\\build\\jestAdapterInit.js:857:11)\n    at _runTestsForDescribeBlock (C:\\Users\\ETR Infotech\\Desktop\\task_board\\task-board-ui\\node_modules\\jest-circus\\build\\jestAdapterInit.js:857:11)\n    at run (C:\\Users\\ETR Infotech\\Desktop\\task_board\\task-board-ui\\node_modules\\jest-circus\\build\\jestAdapterInit.js:761:3)\n    at runAndTransformResultsToJestFormat (C:\\Users\\ETR Infotech\\Desktop\\task_board\\task-board-ui\\node_modules\\jest-circus\\build\\jestAdapterInit.js:1918:21)\n    at jestAdapter (C:\\Users\\ETR Infotech\\Desktop\\task_board\\task-board-ui\\node_modules\\jest-circus\\build\\runner.js:101:19)\n    at runTestInternal (C:\\Users\\ETR Infotech\\Desktop\\task_board\\task-board-ui\\node_modules\\jest-runner\\build\\index.js:275:16)\n    at runTest (C:\\Users\\ETR Infotech\\Desktop\\task_board\\task-board-ui\\node_modules\\jest-runner\\build\\index.js:343:7)"],"fullName":"TaskStore moveTask should rollback on move error","invocations":1,"location":null,"numPassingAsserts":0,"retryReasons":[],"startAt":1772068063028,"status":"failed","title":"should rollback on move error"},{"ancestorTitles":["TaskStore","clearError"],"duration":2,"failing":false,"failureDetails":[{}],"failureMessages":["TypeError: Cannot read properties of null (reading 'ngModule')\n    at isModuleWithProviders (C:\\Users\\ETR Infotech\\Desktop\\task_board\\task-board-ui\\node_modules\\@angular\\core\\fesm2022\\_debug_node-chunk.mjs:7259:16)\n    at expandModuleWithProviders (C:\\Users\\ETR Infotech\\Desktop\\task_board\\task-board-ui\\node_modules\\@angular\\core\\fesm2022\\_debug_node-chunk.mjs:17797:7)\n    at Array.map (<anonymous>)\n    at Function.get (C:\\Users\\ETR Infotech\\Desktop\\task_board\\task-board-ui\\node_modules\\@angular\\core\\fesm2022\\_debug_node-chunk.mjs:17512:84)\n    at getNgModuleDef (C:\\Users\\ETR Infotech\\Desktop\\task_board\\task-board-ui\\node_modules\\@angular\\core\\fesm2022\\_untracked-chunk.mjs:476:10)\n    at getNgModuleDefOrThrow (C:\\Users\\ETR Infotech\\Desktop\\task_board\\task-board-ui\\node_modules\\@angular\\core\\fesm2022\\_untracked-chunk.mjs:479:23)\n    at verifySemanticsOfNgModuleDef (C:\\Users\\ETR Infotech\\Desktop\\task_board\\task-board-ui\\node_modules\\@angular\\core\\fesm2022\\_debug_node-chunk.mjs:17585:19)\n    at Function.get (C:\\Users\\ETR Infotech\\Desktop\\task_board\\task-board-ui\\node_modules\\@angular\\core\\fesm2022\\_debug_node-chunk.mjs:17549:22)\n    at TestBedCompiler.applyProviderOverridesInScope (C:\\Users\\ETR Infotech\\Desktop\\task_board\\task-board-ui\\node_modules\\@angular\\core\\fesm2022\\testing.mjs:825:25)\n    at TestBedCompiler.compileTestModule (C:\\Users\\ETR Infotech\\Desktop\\task_board\\task-board-ui\\node_modules\\@angular\\core\\fesm2022\\testing.mjs:1065:10)\n    at TestBedCompiler.finalize (C:\\Users\\ETR Infotech\\Desktop\\task_board\\task-board-ui\\node_modules\\@angular\\core\\fesm2022\\testing.mjs:704:10)\n    at _TestBedImpl.get testModuleRef [as testModuleRef] (C:\\Users\\ETR Infotech\\Desktop\\task_board\\task-board-ui\\node_modules\\@angular\\core\\fesm2022\\testing.mjs:1492:43)\n    at _TestBedImpl.inject (C:\\Users\\ETR Infotech\\Desktop\\task_board\\task-board-ui\\node_modules\\@angular\\core\\fesm2022\\testing.mjs:1413:25)\n    at Function.inject (C:\\Users\\ETR Infotech\\Desktop\\task_board\\task-board-ui\\node_modules\\@angular\\core\\fesm2022\\testing.mjs:1300:33)\n    at Object.<anonymous> (C:\\Users\\ETR Infotech\\Desktop\\task_board\\task-board-ui\\src\\entities\\task\\api\\task.store.spec.ts:39:21)\n    at Promise.finally.completed (C:\\Users\\ETR Infotech\\Desktop\\task_board\\task-board-ui\\node_modules\\jest-circus\\build\\jestAdapterInit.js:1557:28)\n    at new Promise (<anonymous>)\n    at callAsyncCircusFn (C:\\Users\\ETR Infotech\\Desktop\\task_board\\task-board-ui\\node_modules\\jest-circus\\build\\jestAdapterInit.js:1497:10)\n    at _callCircusHook (C:\\Users\\ETR Infotech\\Desktop\\task_board\\task-board-ui\\node_modules\\jest-circus\\build\\jestAdapterInit.js:976:40)\n    at processTicksAndRejections (node:internal/process/task_queues:105:5)\n    at _runTest (C:\\Users\\ETR Infotech\\Desktop\\task_board\\task-board-ui\\node_modules\\jest-circus\\build\\jestAdapterInit.js:941:5)\n    at C:\\Users\\ETR Infotech\\Desktop\\task_board\\task-board-ui\\node_modules\\jest-circus\\build\\jestAdapterInit.js:849:7\n    at _runTestsForDescribeBlock (C:\\Users\\ETR Infotech\\Desktop\\task_board\\task-board-ui\\node_modules\\jest-circus\\build\\jestAdapterInit.js:862:11)\n    at _runTestsForDescribeBlock (C:\\Users\\ETR Infotech\\Desktop\\task_board\\task-board-ui\\node_modules\\jest-circus\\build\\jestAdapterInit.js:857:11)\n    at _runTestsForDescribeBlock (C:\\Users\\ETR Infotech\\Desktop\\task_board\\task-board-ui\\node_modules\\jest-circus\\build\\jestAdapterInit.js:857:11)\n    at run (C:\\Users\\ETR Infotech\\Desktop\\task_board\\task-board-ui\\node_modules\\jest-circus\\build\\jestAdapterInit.js:761:3)\n    at runAndTransformResultsToJestFormat (C:\\Users\\ETR Infotech\\Desktop\\task_board\\task-board-ui\\node_modules\\jest-circus\\build\\jestAdapterInit.js:1918:21)\n    at jestAdapter (C:\\Users\\ETR Infotech\\Desktop\\task_board\\task-board-ui\\node_modules\\jest-circus\\build\\runner.js:101:19)\n    at runTestInternal (C:\\Users\\ETR Infotech\\Desktop\\task_board\\task-board-ui\\node_modules\\jest-runner\\build\\index.js:275:16)\n    at runTest (C:\\Users\\ETR Infotech\\Desktop\\task_board\\task-board-ui\\node_modules\\jest-runner\\build\\index.js:343:7)"],"fullName":"TaskStore clearError should clear error state","invocations":1,"location":null,"numPassingAsserts":0,"retryReasons":[],"startAt":1772068063032,"status":"failed","title":"should clear error state"},{"ancestorTitles":["TaskStore","computed properties"],"duration":2,"failing":false,"failureDetails":[{}],"failureMessages":["TypeError: Cannot read properties of null (reading 'ngModule')\n    at isModuleWithProviders (C:\\Users\\ETR Infotech\\Desktop\\task_board\\task-board-ui\\node_modules\\@angular\\core\\fesm2022\\_debug_node-chunk.mjs:7259:16)\n    at expandModuleWithProviders (C:\\Users\\ETR Infotech\\Desktop\\task_board\\task-board-ui\\node_modules\\@angular\\core\\fesm2022\\_debug_node-chunk.mjs:17797:7)\n    at Array.map (<anonymous>)\n    at Function.get (C:\\Users\\ETR Infotech\\Desktop\\task_board\\task-board-ui\\node_modules\\@angular\\core\\fesm2022\\_debug_node-chunk.mjs:17512:84)\n    at getNgModuleDef (C:\\Users\\ETR Infotech\\Desktop\\task_board\\task-board-ui\\node_modules\\@angular\\core\\fesm2022\\_untracked-chunk.mjs:476:10)\n    at getNgModuleDefOrThrow (C:\\Users\\ETR Infotech\\Desktop\\task_board\\task-board-ui\\node_modules\\@angular\\core\\fesm2022\\_untracked-chunk.mjs:479:23)\n    at verifySemanticsOfNgModuleDef (C:\\Users\\ETR Infotech\\Desktop\\task_board\\task-board-ui\\node_modules\\@angular\\core\\fesm2022\\_debug_node-chunk.mjs:17585:19)\n    at Function.get (C:\\Users\\ETR Infotech\\Desktop\\task_board\\task-board-ui\\node_modules\\@angular\\core\\fesm2022\\_debug_node-chunk.mjs:17549:22)\n    at TestBedCompiler.applyProviderOverridesInScope (C:\\Users\\ETR Infotech\\Desktop\\task_board\\task-board-ui\\node_modules\\@angular\\core\\fesm2022\\testing.mjs:825:25)\n    at TestBedCompiler.compileTestModule (C:\\Users\\ETR Infotech\\Desktop\\task_board\\task-board-ui\\node_modules\\@angular\\core\\fesm2022\\testing.mjs:1065:10)\n    at TestBedCompiler.finalize (C:\\Users\\ETR Infotech\\Desktop\\task_board\\task-board-ui\\node_modules\\@angular\\core\\fesm2022\\testing.mjs:704:10)\n    at _TestBedImpl.get testModuleRef [as testModuleRef] (C:\\Users\\ETR Infotech\\Desktop\\task_board\\task-board-ui\\node_modules\\@angular\\core\\fesm2022\\testing.mjs:1492:43)\n    at _TestBedImpl.inject (C:\\Users\\ETR Infotech\\Desktop\\task_board\\task-board-ui\\node_modules\\@angular\\core\\fesm2022\\testing.mjs:1413:25)\n    at Function.inject (C:\\Users\\ETR Infotech\\Desktop\\task_board\\task-board-ui\\node_modules\\@angular\\core\\fesm2022\\testing.mjs:1300:33)\n    at Object.<anonymous> (C:\\Users\\ETR Infotech\\Desktop\\task_board\\task-board-ui\\src\\entities\\task\\api\\task.store.spec.ts:39:21)\n    at Promise.finally.completed (C:\\Users\\ETR Infotech\\Desktop\\task_board\\task-board-ui\\node_modules\\jest-circus\\build\\jestAdapterInit.js:1557:28)\n    at new Promise (<anonymous>)\n    at callAsyncCircusFn (C:\\Users\\ETR Infotech\\Desktop\\task_board\\task-board-ui\\node_modules\\jest-circus\\build\\jestAdapterInit.js:1497:10)\n    at _callCircusHook (C:\\Users\\ETR Infotech\\Desktop\\task_board\\task-board-ui\\node_modules\\jest-circus\\build\\jestAdapterInit.js:976:40)\n    at processTicksAndRejections (node:internal/process/task_queues:105:5)\n    at _runTest (C:\\Users\\ETR Infotech\\Desktop\\task_board\\task-board-ui\\node_modules\\jest-circus\\build\\jestAdapterInit.js:941:5)\n    at C:\\Users\\ETR Infotech\\Desktop\\task_board\\task-board-ui\\node_modules\\jest-circus\\build\\jestAdapterInit.js:849:7\n    at _runTestsForDescribeBlock (C:\\Users\\ETR Infotech\\Desktop\\task_board\\task-board-ui\\node_modules\\jest-circus\\build\\jestAdapterInit.js:862:11)\n    at _runTestsForDescribeBlock (C:\\Users\\ETR Infotech\\Desktop\\task_board\\task-board-ui\\node_modules\\jest-circus\\build\\jestAdapterInit.js:857:11)\n    at _runTestsForDescribeBlock (C:\\Users\\ETR Infotech\\Desktop\\task_board\\task-board-ui\\node_modules\\jest-circus\\build\\jestAdapterInit.js:857:11)\n    at run (C:\\Users\\ETR Infotech\\Desktop\\task_board\\task-board-ui\\node_modules\\jest-circus\\build\\jestAdapterInit.js:761:3)\n    at runAndTransformResultsToJestFormat (C:\\Users\\ETR Infotech\\Desktop\\task_board\\task-board-ui\\node_modules\\jest-circus\\build\\jestAdapterInit.js:1918:21)\n    at jestAdapter (C:\\Users\\ETR Infotech\\Desktop\\task_board\\task-board-ui\\node_modules\\jest-circus\\build\\runner.js:101:19)\n    at runTestInternal (C:\\Users\\ETR Infotech\\Desktop\\task_board\\task-board-ui\\node_modules\\jest-runner\\build\\index.js:275:16)\n    at runTest (C:\\Users\\ETR Infotech\\Desktop\\task_board\\task-board-ui\\node_modules\\jest-runner\\build\\index.js:343:7)"],"fullName":"TaskStore computed properties should group tasks by column","invocations":1,"location":null,"numPassingAsserts":0,"retryReasons":[],"startAt":1772068063056,"status":"failed","title":"should group tasks by column"},{"ancestorTitles":["TaskStore","computed properties"],"duration":4,"failing":false,"failureDetails":[{}],"failureMessages":["TypeError: Cannot read properties of null (reading 'ngModule')\n    at isModuleWithProviders (C:\\Users\\ETR Infotech\\Desktop\\task_board\\task-board-ui\\node_modules\\@angular\\core\\fesm2022\\_debug_node-chunk.mjs:7259:16)\n    at expandModuleWithProviders (C:\\Users\\ETR Infotech\\Desktop\\task_board\\task-board-ui\\node_modules\\@angular\\core\\fesm2022\\_debug_node-chunk.mjs:17797:7)\n    at Array.map (<anonymous>)\n    at Function.get (C:\\Users\\ETR Infotech\\Desktop\\task_board\\task-board-ui\\node_modules\\@angular\\core\\fesm2022\\_debug_node-chunk.mjs:17512:84)\n    at getNgModuleDef (C:\\Users\\ETR Infotech\\Desktop\\task_board\\task-board-ui\\node_modules\\@angular\\core\\fesm2022\\_untracked-chunk.mjs:476:10)\n    at getNgModuleDefOrThrow (C:\\Users\\ETR Infotech\\Desktop\\task_board\\task-board-ui\\node_modules\\@angular\\core\\fesm2022\\_untracked-chunk.mjs:479:23)\n    at verifySemanticsOfNgModuleDef (C:\\Users\\ETR Infotech\\Desktop\\task_board\\task-board-ui\\node_modules\\@angular\\core\\fesm2022\\_debug_node-chunk.mjs:17585:19)\n    at Function.get (C:\\Users\\ETR Infotech\\Desktop\\task_board\\task-board-ui\\node_modules\\@angular\\core\\fesm2022\\_debug_node-chunk.mjs:17549:22)\n    at TestBedCompiler.applyProviderOverridesInScope (C:\\Users\\ETR Infotech\\Desktop\\task_board\\task-board-ui\\node_modules\\@angular\\core\\fesm2022\\testing.mjs:825:25)\n    at TestBedCompiler.compileTestModule (C:\\Users\\ETR Infotech\\Desktop\\task_board\\task-board-ui\\node_modules\\@angular\\core\\fesm2022\\testing.mjs:1065:10)\n    at TestBedCompiler.finalize (C:\\Users\\ETR Infotech\\Desktop\\task_board\\task-board-ui\\node_modules\\@angular\\core\\fesm2022\\testing.mjs:704:10)\n    at _TestBedImpl.get testModuleRef [as testModuleRef] (C:\\Users\\ETR Infotech\\Desktop\\task_board\\task-board-ui\\node_modules\\@angular\\core\\fesm2022\\testing.mjs:1492:43)\n    at _TestBedImpl.inject (C:\\Users\\ETR Infotech\\Desktop\\task_board\\task-board-ui\\node_modules\\@angular\\core\\fesm2022\\testing.mjs:1413:25)\n    at Function.inject (C:\\Users\\ETR Infotech\\Desktop\\task_board\\task-board-ui\\node_modules\\@angular\\core\\fesm2022\\testing.mjs:1300:33)\n    at Object.<anonymous> (C:\\Users\\ETR Infotech\\Desktop\\task_board\\task-board-ui\\src\\entities\\task\\api\\task.store.spec.ts:39:21)\n    at Promise.finally.completed (C:\\Users\\ETR Infotech\\Desktop\\task_board\\task-board-ui\\node_modules\\jest-circus\\build\\jestAdapterInit.js:1557:28)\n    at new Promise (<anonymous>)\n    at callAsyncCircusFn (C:\\Users\\ETR Infotech\\Desktop\\task_board\\task-board-ui\\node_modules\\jest-circus\\build\\jestAdapterInit.js:1497:10)\n    at _callCircusHook (C:\\Users\\ETR Infotech\\Desktop\\task_board\\task-board-ui\\node_modules\\jest-circus\\build\\jestAdapterInit.js:976:40)\n    at processTicksAndRejections (node:internal/process/task_queues:105:5)\n    at _runTest (C:\\Users\\ETR Infotech\\Desktop\\task_board\\task-board-ui\\node_modules\\jest-circus\\build\\jestAdapterInit.js:941:5)\n    at C:\\Users\\ETR Infotech\\Desktop\\task_board\\task-board-ui\\node_modules\\jest-circus\\build\\jestAdapterInit.js:849:7\n    at _runTestsForDescribeBlock (C:\\Users\\ETR Infotech\\Desktop\\task_board\\task-board-ui\\node_modules\\jest-circus\\build\\jestAdapterInit.js:862:11)\n    at _runTestsForDescribeBlock (C:\\Users\\ETR Infotech\\Desktop\\task_board\\task-board-ui\\node_modules\\jest-circus\\build\\jestAdapterInit.js:857:11)\n    at _runTestsForDescribeBlock (C:\\Users\\ETR Infotech\\Desktop\\task_board\\task-board-ui\\node_modules\\jest-circus\\build\\jestAdapterInit.js:857:11)\n    at run (C:\\Users\\ETR Infotech\\Desktop\\task_board\\task-board-ui\\node_modules\\jest-circus\\build\\jestAdapterInit.js:761:3)\n    at runAndTransformResultsToJestFormat (C:\\Users\\ETR Infotech\\Desktop\\task_board\\task-board-ui\\node_modules\\jest-circus\\build\\jestAdapterInit.js:1918:21)\n    at jestAdapter (C:\\Users\\ETR Infotech\\Desktop\\task_board\\task-board-ui\\node_modules\\jest-circus\\build\\runner.js:101:19)\n    at runTestInternal (C:\\Users\\ETR Infotech\\Desktop\\task_board\\task-board-ui\\node_modules\\jest-runner\\build\\index.js:275:16)\n    at runTest (C:\\Users\\ETR Infotech\\Desktop\\task_board\\task-board-ui\\node_modules\\jest-runner\\build\\index.js:343:7)"],"fullName":"TaskStore computed properties should compute status counts correctly","invocations":1,"location":null,"numPassingAsserts":0,"retryReasons":[],"startAt":1772068063060,"status":"failed","title":"should compute status counts correctly"}],"endTime":1772068063255,"message":"  ΓùÅ TaskStore ΓÇ║ should be created and initialized with empty state\n\n    Need to call TestBed.initTestEnvironment() first\n\n    \u001b[0m \u001b[90m 29 |\u001b[39m     }\u001b[33m;\u001b[39m\n     \u001b[90m 30 |\u001b[39m\n    \u001b[31m\u001b[1m>\u001b[22m\u001b[39m\u001b[90m 31 |\u001b[39m     \u001b[33mTestBed\u001b[39m\u001b[33m.\u001b[39mconfigureTestingModule({\n     \u001b[90m    |\u001b[39m             \u001b[31m\u001b[1m^\u001b[22m\u001b[39m\n     \u001b[90m 32 |\u001b[39m       providers\u001b[33m:\u001b[39m [\n     \u001b[90m 33 |\u001b[39m         \u001b[33mTaskStore\u001b[39m\u001b[33m,\u001b[39m\n     \u001b[90m 34 |\u001b[39m         { provide\u001b[33m:\u001b[39m \u001b[33mTaskService\u001b[39m\u001b[33m,\u001b[39m useValue\u001b[33m:\u001b[39m taskServiceSpy }\u001b[33m,\u001b[39m\u001b[0m\n\n      at _TestBedImpl.get compiler [as compiler] (node_modules/@angular/core/fesm2022/testing.mjs:1486:13)\n      at _TestBedImpl.configureTestingModule (node_modules/@angular/core/fesm2022/testing.mjs:1402:10)\n      at Function.configureTestingModule (node_modules/@angular/core/fesm2022/testing.mjs:1273:33)\n      at Object.<anonymous> (src/entities/task/api/task.store.spec.ts:31:13)\n\n  ΓùÅ TaskStore ΓÇ║ loadTasks ΓÇ║ should load tasks successfully\n\n    TypeError: Cannot read properties of null (reading 'ngModule')\n\n    \u001b[0m \u001b[90m 37 |\u001b[39m     })\u001b[33m;\u001b[39m\n     \u001b[90m 38 |\u001b[39m\n    \u001b[31m\u001b[1m>\u001b[22m\u001b[39m\u001b[90m 39 |\u001b[39m     store \u001b[33m=\u001b[39m \u001b[33mTestBed\u001b[39m\u001b[33m.\u001b[39minject(\u001b[33mTaskStore\u001b[39m)\u001b[33m;\u001b[39m\n     \u001b[90m    |\u001b[39m                     \u001b[31m\u001b[1m^\u001b[22m\u001b[39m\n     \u001b[90m 40 |\u001b[39m   })\u001b[33m;\u001b[39m\n     \u001b[90m 41 |\u001b[39m\n     \u001b[90m 42 |\u001b[39m   it(\u001b[32m'should be created and initialized with empty state'\u001b[39m\u001b[33m,\u001b[39m () \u001b[33m=>\u001b[39m {\u001b[0m\n\n      at isModuleWithProviders (node_modules/@angular/core/fesm2022/_debug_node-chunk.mjs:7259:16)\n      at expandModuleWithProviders (node_modules/@angular/core/fesm2022/_debug_node-chunk.mjs:17797:7)\n          at Array.map (<anonymous>)\n      at Function.get (node_modules/@angular/core/fesm2022/_debug_node-chunk.mjs:17512:84)\n      at getNgModuleDef (node_modules/@angular/core/fesm2022/_untracked-chunk.mjs:476:10)\n      at getNgModuleDefOrThrow (node_modules/@angular/core/fesm2022/_untracked-chunk.mjs:479:23)\n      at verifySemanticsOfNgModuleDef (node_modules/@angular/core/fesm2022/_debug_node-chunk.mjs:17585:19)\n      at Function.get (node_modules/@angular/core/fesm2022/_debug_node-chunk.mjs:17549:22)\n      at TestBedCompiler.applyProviderOverridesInScope (node_modules/@angular/core/fesm2022/testing.mjs:825:25)\n      at TestBedCompiler.compileTestModule (node_modules/@angular/core/fesm2022/testing.mjs:1065:10)\n      at TestBedCompiler.finalize (node_modules/@angular/core/fesm2022/testing.mjs:704:10)\n      at _TestBedImpl.get testModuleRef [as testModuleRef] (node_modules/@angular/core/fesm2022/testing.mjs:1492:43)\n      at _TestBedImpl.inject (node_modules/@angular/core/fesm2022/testing.mjs:1413:25)\n      at Function.inject (node_modules/@angular/core/fesm2022/testing.mjs:1300:33)\n      at Object.<anonymous> (src/entities/task/api/task.store.spec.ts:39:21)\n\n  ΓùÅ TaskStore ΓÇ║ loadTasks ΓÇ║ should handle load error\n\n    TypeError: Cannot read properties of null (reading 'ngModule')\n\n    \u001b[0m \u001b[90m 37 |\u001b[39m     })\u001b[33m;\u001b[39m\n     \u001b[90m 38 |\u001b[39m\n    \u001b[31m\u001b[1m>\u001b[22m\u001b[39m\u001b[90m 39 |\u001b[39m     store \u001b[33m=\u001b[39m \u001b[33mTestBed\u001b[39m\u001b[33m.\u001b[39minject(\u001b[33mTaskStore\u001b[39m)\u001b[33m;\u001b[39m\n     \u001b[90m    |\u001b[39m                     \u001b[31m\u001b[1m^\u001b[22m\u001b[39m\n     \u001b[90m 40 |\u001b[39m   })\u001b[33m;\u001b[39m\n     \u001b[90m 41 |\u001b[39m\n     \u001b[90m 42 |\u001b[39m   it(\u001b[32m'should be created and initialized with empty state'\u001b[39m\u001b[33m,\u001b[39m () \u001b[33m=>\u001b[39m {\u001b[0m\n\n      at isModuleWithProviders (node_modules/@angular/core/fesm2022/_debug_node-chunk.mjs:7259:16)\n      at expandModuleWithProviders (node_modules/@angular/core/fesm2022/_debug_node-chunk.mjs:17797:7)\n          at Array.map (<anonymous>)\n      at Function.get (node_modules/@angular/core/fesm2022/_debug_node-chunk.mjs:17512:84)\n      at getNgModuleDef (node_modules/@angular/core/fesm2022/_untracked-chunk.mjs:476:10)\n      at getNgModuleDefOrThrow (node_modules/@angular/core/fesm2022/_untracked-chunk.mjs:479:23)\n      at verifySemanticsOfNgModuleDef (node_modules/@angular/core/fesm2022/_debug_node-chunk.mjs:17585:19)\n      at Function.get (node_modules/@angular/core/fesm2022/_debug_node-chunk.mjs:17549:22)\n      at TestBedCompiler.applyProviderOverridesInScope (node_modules/@angular/core/fesm2022/testing.mjs:825:25)\n      at TestBedCompiler.compileTestModule (node_modules/@angular/core/fesm2022/testing.mjs:1065:10)\n      at TestBedCompiler.finalize (node_modules/@angular/core/fesm2022/testing.mjs:704:10)\n      at _TestBedImpl.get testModuleRef [as testModuleRef] (node_modules/@angular/core/fesm2022/testing.mjs:1492:43)\n      at _TestBedImpl.inject (node_modules/@angular/core/fesm2022/testing.mjs:1413:25)\n      at Function.inject (node_modules/@angular/core/fesm2022/testing.mjs:1300:33)\n      at Object.<anonymous> (src/entities/task/api/task.store.spec.ts:39:21)\n\n  ΓùÅ TaskStore ΓÇ║ loadTasks ΓÇ║ should map flat array response correctly\n\n    TypeError: Cannot read properties of null (reading 'ngModule')\n\n    \u001b[0m \u001b[90m 37 |\u001b[39m     })\u001b[33m;\u001b[39m\n     \u001b[90m 38 |\u001b[39m\n    \u001b[31m\u001b[1m>\u001b[22m\u001b[39m\u001b[90m 39 |\u001b[39m     store \u001b[33m=\u001b[39m \u001b[33mTestBed\u001b[39m\u001b[33m.\u001b[39minject(\u001b[33mTaskStore\u001b[39m)\u001b[33m;\u001b[39m\n     \u001b[90m    |\u001b[39m                     \u001b[31m\u001b[1m^\u001b[22m\u001b[39m\n     \u001b[90m 40 |\u001b[39m   })\u001b[33m;\u001b[39m\n     \u001b[90m 41 |\u001b[39m\n     \u001b[90m 42 |\u001b[39m   it(\u001b[32m'should be created and initialized with empty state'\u001b[39m\u001b[33m,\u001b[39m () \u001b[33m=>\u001b[39m {\u001b[0m\n\n      at isModuleWithProviders (node_modules/@angular/core/fesm2022/_debug_node-chunk.mjs:7259:16)\n      at expandModuleWithProviders (node_modules/@angular/core/fesm2022/_debug_node-chunk.mjs:17797:7)\n          at Array.map (<anonymous>)\n      at Function.get (node_modules/@angular/core/fesm2022/_debug_node-chunk.mjs:17512:84)\n      at getNgModuleDef (node_modules/@angular/core/fesm2022/_untracked-chunk.mjs:476:10)\n      at getNgModuleDefOrThrow (node_modules/@angular/core/fesm2022/_untracked-chunk.mjs:479:23)\n      at verifySemanticsOfNgModuleDef (node_modules/@angular/core/fesm2022/_debug_node-chunk.mjs:17585:19)\n      at Function.get (node_modules/@angular/core/fesm2022/_debug_node-chunk.mjs:17549:22)\n      at TestBedCompiler.applyProviderOverridesInScope (node_modules/@angular/core/fesm2022/testing.mjs:825:25)\n      at TestBedCompiler.compileTestModule (node_modules/@angular/core/fesm2022/testing.mjs:1065:10)\n      at TestBedCompiler.finalize (node_modules/@angular/core/fesm2022/testing.mjs:704:10)\n      at _TestBedImpl.get testModuleRef [as testModuleRef] (node_modules/@angular/core/fesm2022/testing.mjs:1492:43)\n      at _TestBedImpl.inject (node_modules/@angular/core/fesm2022/testing.mjs:1413:25)\n      at Function.inject (node_modules/@angular/core/fesm2022/testing.mjs:1300:33)\n      at Object.<anonymous> (src/entities/task/api/task.store.spec.ts:39:21)\n\n  ΓùÅ TaskStore ΓÇ║ createTask ΓÇ║ should create task and append to state\n\n    TypeError: Cannot read properties of null (reading 'ngModule')\n\n    \u001b[0m \u001b[90m 37 |\u001b[39m     })\u001b[33m;\u001b[39m\n     \u001b[90m 38 |\u001b[39m\n    \u001b[31m\u001b[1m>\u001b[22m\u001b[39m\u001b[90m 39 |\u001b[39m     store \u001b[33m=\u001b[39m \u001b[33mTestBed\u001b[39m\u001b[33m.\u001b[39minject(\u001b[33mTaskStore\u001b[39m)\u001b[33m;\u001b[39m\n     \u001b[90m    |\u001b[39m                     \u001b[31m\u001b[1m^\u001b[22m\u001b[39m\n     \u001b[90m 40 |\u001b[39m   })\u001b[33m;\u001b[39m\n     \u001b[90m 41 |\u001b[39m\n     \u001b[90m 42 |\u001b[39m   it(\u001b[32m'should be created and initialized with empty state'\u001b[39m\u001b[33m,\u001b[39m () \u001b[33m=>\u001b[39m {\u001b[0m\n\n      at isModuleWithProviders (node_modules/@angular/core/fesm2022/_debug_node-chunk.mjs:7259:16)\n      at expandModuleWithProviders (node_modules/@angular/core/fesm2022/_debug_node-chunk.mjs:17797:7)\n          at Array.map (<anonymous>)\n      at Function.get (node_modules/@angular/core/fesm2022/_debug_node-chunk.mjs:17512:84)\n      at getNgModuleDef (node_modules/@angular/core/fesm2022/_untracked-chunk.mjs:476:10)\n      at getNgModuleDefOrThrow (node_modules/@angular/core/fesm2022/_untracked-chunk.mjs:479:23)\n      at verifySemanticsOfNgModuleDef (node_modules/@angular/core/fesm2022/_debug_node-chunk.mjs:17585:19)\n      at Function.get (node_modules/@angular/core/fesm2022/_debug_node-chunk.mjs:17549:22)\n      at TestBedCompiler.applyProviderOverridesInScope (node_modules/@angular/core/fesm2022/testing.mjs:825:25)\n      at TestBedCompiler.compileTestModule (node_modules/@angular/core/fesm2022/testing.mjs:1065:10)\n      at TestBedCompiler.finalize (node_modules/@angular/core/fesm2022/testing.mjs:704:10)\n      at _TestBedImpl.get testModuleRef [as testModuleRef] (node_modules/@angular/core/fesm2022/testing.mjs:1492:43)\n      at _TestBedImpl.inject (node_modules/@angular/core/fesm2022/testing.mjs:1413:25)\n      at Function.inject (node_modules/@angular/core/fesm2022/testing.mjs:1300:33)\n      at Object.<anonymous> (src/entities/task/api/task.store.spec.ts:39:21)\n\n  ΓùÅ TaskStore ΓÇ║ createTask ΓÇ║ should handle create error\n\n    TypeError: Cannot read properties of null (reading 'ngModule')\n\n    \u001b[0m \u001b[90m 37 |\u001b[39m     })\u001b[33m;\u001b[39m\n     \u001b[90m 38 |\u001b[39m\n    \u001b[31m\u001b[1m>\u001b[22m\u001b[39m\u001b[90m 39 |\u001b[39m     store \u001b[33m=\u001b[39m \u001b[33mTestBed\u001b[39m\u001b[33m.\u001b[39minject(\u001b[33mTaskStore\u001b[39m)\u001b[33m;\u001b[39m\n     \u001b[90m    |\u001b[39m                     \u001b[31m\u001b[1m^\u001b[22m\u001b[39m\n     \u001b[90m 40 |\u001b[39m   })\u001b[33m;\u001b[39m\n     \u001b[90m 41 |\u001b[39m\n     \u001b[90m 42 |\u001b[39m   it(\u001b[32m'should be created and initialized with empty state'\u001b[39m\u001b[33m,\u001b[39m () \u001b[33m=>\u001b[39m {\u001b[0m\n\n      at isModuleWithProviders (node_modules/@angular/core/fesm2022/_debug_node
[...]
task and call service\n\n    TypeError: Cannot read properties of null (reading 'ngModule')\n\n    \u001b[0m \u001b[90m 37 |\u001b[39m     })\u001b[33m;\u001b[39m\n     \u001b[90m 38 |\u001b[39m\n    \u001b[31m\u001b[1m>\u001b[22m\u001b[39m\u001b[90m 39 |\u001b[39m     store \u001b[33m=\u001b[39m \u001b[33mTestBed\u001b[39m\u001b[33m.\u001b[39minject(\u001b[33mTaskStore\u001b[39m)\u001b[33m;\u001b[39m\n     \u001b[90m    |\u001b[39m                     \u001b[31m\u001b[1m^\u001b[22m\u001b[39m\n     \u001b[90m 40 |\u001b[39m   })\u001b[33m;\u001b[39m\n     \u001b[90m 41 |\u001b[39m\n     \u001b[90m 42 |\u001b[39m   it(\u001b[32m'should be created and initialized with empty state'\u001b[39m\u001b[33m,\u001b[39m () \u001b[33m=>\u001b[39m {\u001b[0m\n\n      at isModuleWithProviders (node_modules/@angular/core/fesm2022/_debug_node-chunk.mjs:7259:16)\n      at expandModuleWithProviders (node_modules/@angular/core/fesm2022/_debug_node-chunk.mjs:17797:7)\n          at Array.map (<anonymous>)\n      at Function.get (node_modules/@angular/core/fesm2022/_debug_node-chunk.mjs:17512:84)\n      at getNgModuleDef (node_modules/@angular/core/fesm2022/_untracked-chunk.mjs:476:10)\n      at getNgModuleDefOrThrow (node_modules/@angular/core/fesm2022/_untracked-chunk.mjs:479:23)\n      at verifySemanticsOfNgModuleDef (node_modules/@angular/core/fesm2022/_debug_node-chunk.mjs:17585:19)\n      at Function.get (node_modules/@angular/core/fesm2022/_debug_node-chunk.mjs:17549:22)\n      at TestBedCompiler.applyProviderOverridesInScope (node_modules/@angular/core/fesm2022/testing.mjs:825:25)\n      at TestBedCompiler.compileTestModule (node_modules/@angular/core/fesm2022/testing.mjs:1065:10)\n      at TestBedCompiler.finalize (node_modules/@angular/core/fesm2022/testing.mjs:704:10)\n      at _TestBedImpl.get testModuleRef [as testModuleRef] (node_modules/@angular/core/fesm2022/testing.mjs:1492:43)\n      at _TestBedImpl.inject (node_modules/@angular/core/fesm2022/testing.mjs:1413:25)\n      at Function.inject (node_modules/@angular/core/fesm2022/testing.mjs:1300:33)\n      at Object.<anonymous> (src/entities/task/api/task.store.spec.ts:39:21)\n\n  ΓùÅ TaskStore ΓÇ║ updateTask ΓÇ║ should rollback on update error\n\n    TypeError: Cannot read properties of null (reading 'ngModule')\n\n    \u001b[0m \u001b[90m 37 |\u001b[39m     })\u001b[33m;\u001b[39m\n     \u001b[90m 38 |\u001b[39m\n    \u001b[31m\u001b[1m>\u001b[22m\u001b[39m\u001b[90m 39 |\u001b[39m     store \u001b[33m=\u001b[39m \u001b[33mTestBed\u001b[39m\u001b[33m.\u001b[39minject(\u001b[33mTaskStore\u001b[39m)\u001b[33m;\u001b[39m\n     \u001b[90m    |\u001b[39m                     \u001b[31m\u001b[1m^\u001b[22m\u001b[39m\n     \u001b[90m 40 |\u001b[39m   })\u001b[33m;\u001b[39m\n     \u001b[90m 41 |\u001b[39m\n     \u001b[90m 42 |\u001b[39m   it(\u001b[32m'should be created and initialized with empty state'\u001b[39m\u001b[33m,\u001b[39m () \u001b[33m=>\u001b[39m {\u001b[0m\n\n      at isModuleWithProviders (node_modules/@angular/core/fesm2022/_debug_node-chunk.mjs:7259:16)\n      at expandModuleWithProviders (node_modules/@angular/core/fesm2022/_debug_node-chunk.mjs:17797:7)\n          at Array.map (<anonymous>)\n      at Function.get (node_modules/@angular/core/fesm2022/_debug_node-chunk.mjs:17512:84)\n      at getNgModuleDef (node_modules/@angular/core/fesm2022/_untracked-chunk.mjs:476:10)\n      at getNgModuleDefOrThrow (node_modules/@angular/core/fesm2022/_untracked-chunk.mjs:479:23)\n      at verifySemanticsOfNgModuleDef (node_modules/@angular/core/fesm2022/_debug_node-chunk.mjs:17585:19)\n      at Function.get (node_modules/@angular/core/fesm2022/_debug_node-chunk.mjs:17549:22)\n      at TestBedCompiler.applyProviderOverridesInScope (node_modules/@angular/core/fesm2022/testing.mjs:825:25)\n      at TestBedCompiler.compileTestModule (node_modules/@angular/core/fesm2022/testing.mjs:1065:10)\n      at TestBedCompiler.finalize (node_modules/@angular/core/fesm2022/testing.mjs:704:10)\n      at _TestBedImpl.get testModuleRef [as testModuleRef] (node_modules/@angular/core/fesm2022/testing.mjs:1492:43)\n      at _TestBedImpl.inject (node_modules/@angular/core/fesm2022/testing.mjs:1413:25)\n      at Function.inject (node_modules/@angular/core/fesm2022/testing.mjs:1300:33)\n      at Object.<anonymous> (src/entities/task/api/task.store.spec.ts:39:21)\n\n  ΓùÅ TaskStore ΓÇ║ deleteTask ΓÇ║ should optimistically delete task\n\n    TypeError: Cannot read properties of null (reading 'ngModule')\n\n    \u001b[0m \u001b[90m 37 |\u001b[39m     })\u001b[33m;\u001b[39m\n     \u001b[90m 38 |\u001b[39m\n    \u001b[31m\u001b[1m>\u001b[22m\u001b[39m\u001b[90m 39 |\u001b[39m     store \u001b[33m=\u001b[39m \u001b[33mTestBed\u001b[39m\u001b[33m.\u001b[39minject(\u001b[33mTaskStore\u001b[39m)\u001b[33m;\u001b[39m\n     \u001b[90m    |\u001b[39m                     \u001b[31m\u001b[1m^\u001b[22m\u001b[39m\n     \u001b[90m 40 |\u001b[39m   })\u001b[33m;\u001b[39m\n     \u001b[90m 41 |\u001b[39m\n     \u001b[90m 42 |\u001b[39m   it(\u001b[32m'should be created and initialized with empty state'\u001b[39m\u001b[33m,\u001b[39m () \u001b[33m=>\u001b[39m {\u001b[0m\n\n      at isModuleWithProviders (node_modules/@angular/core/fesm2022/_debug_node-chunk.mjs:7259:16)\n      at expandModuleWithProviders (node_modules/@angular/core/fesm2022/_debug_node-chunk.mjs:17797:7)\n          at Array.map (<anonymous>)\n      at Function.get (node_modules/@angular/core/fesm2022/_debug_node-chunk.mjs:17512:84)\n      at getNgModuleDef (node_modules/@angular/core/fesm2022/_untracked-chunk.mjs:476:10)\n      at getNgModuleDefOrThrow (node_modules/@angular/core/fesm2022/_untracked-chunk.mjs:479:23)\n      at verifySemanticsOfNgModuleDef (node_modules/@angular/core/fesm2022/_debug_node-chunk.mjs:17585:19)\n      at Function.get (node_modules/@angular/core/fesm2022/_debug_node-chunk.mjs:17549:22)\n      at TestBedCompiler.applyProviderOverridesInScope (node_modules/@angular/core/fesm2022/testing.mjs:825:25)\n      at TestBedCompiler.compileTestModule (node_modules/@angular/core/fesm2022/testing.mjs:1065:10)\n      at TestBedCompiler.finalize (node_modules/@angular/core/fesm2022/testing.mjs:704:10)\n      at _TestBedImpl.get testModuleRef [as testModuleRef] (node_modules/@angular/core/fesm2022/testing.mjs:1492:43)\n      at _TestBedImpl.inject (node_modules/@angular/core/fesm2022/testing.mjs:1413:25)\n      at Function.inject (node_modules/@angular/core/fesm2022/testing.mjs:1300:33)\n      at Object.<anonymous> (src/entities/task/api/task.store.spec.ts:39:21)\n\n  ΓùÅ TaskStore ΓÇ║ deleteTask ΓÇ║ should rollback on delete error\n\n    TypeError: Cannot read properties of null (reading 'ngModule')\n\n    \u001b[0m \u001b[90m 37 |\u001b[39m     })\u001b[33m;\u001b[39m\n     \u001b[90m 38 |\u001b[39m\n    \u001b[31m\u001b[1m>\u001b[22m\u001b[39m\u001b[90m 39 |\u001b[39m     store \u001b[33m=\u001b[39m \u001b[33mTestBed\u001b[39m\u001b[33m.\u001b[39minject(\u001b[33mTaskStore\u001b[39m)\u001b[33m;\u001b[39m\n     \u001b[90m    |\u001b[39m                     \u001b[31m\u001b[1m^\u001b[22m\u001b[39m\n     \u001b[90m 40 |\u001b[39m   })\u001b[33m;\u001b[39m\n     \u001b[90m 41 |\u001b[39m\n     \u001b[90m 42 |\u001b[39m   it(\u001b[32m'should be created and initialized with empty state'\u001b[39m\u001b[33m,\u001b[39m () \u001b[33m=>\u001b[39m {\u001b[0m\n\n      at isModuleWithProviders (node_modules/@angular/core/fesm2022/_debug_node-chunk.mjs:7259:16)\n      at expandModuleWithProviders (node_modules/@angular/core/fesm2022/_debug_node-chunk.mjs:17797:7)\n          at Array.map (<anonymous>)\n      at Function.get (node_modules/@angular/core/fesm2022/_debug_node-chunk.mjs:17512:84)\n      at getNgModuleDef (node_modules/@angular/core/fesm2022/_untracked-chunk.mjs:476:10)\n      at getNgModuleDefOrThrow (node_modules/@angular/core/fesm2022/_untracked-chunk.mjs:479:23)\n      at verifySemanticsOfNgModuleDef (node_modules/@angular/core/fesm2022/_debug_node-chunk.mjs:17585:19)\n      at Function.get (node_modules/@angular/core/fesm2022/_debug_node-chunk.mjs:17549:22)\n      at TestBedCompiler.applyProviderOverridesInScope (node_modules/@angular/core/fesm2022/testing.mjs:825:25)\n      at TestBedCompiler.compileTestModule (node_modules/@angular/core/fesm2022/testing.mjs:1065:10)\n      at TestBedCompiler.finalize (node_modules/@angular/core/fesm2022/testing.mjs:704:10)\n      at _TestBedImpl.get testModuleRef [as testModuleRef] (node_modules/@angular/core/fesm2022/testing.mjs:1492:43)\n      at _TestBedImpl.inject (node_modules/@angular/core/fesm2022/testing.mjs:1413:25)\n      at Function.inject (node_modules/@angular/core/fesm2022/testing.mjs:1300:33)\n      at Object.<anonymous> (src/entities/task/api/task.store.spec.ts:39:21)\n\n  ΓùÅ TaskStore ΓÇ║ moveTask ΓÇ║ should optimistically move task\n\n    TypeError: Cannot read properties of null (reading 'ngModule')\n\n    \u001b[0m \u001b[90m 37 |\u001b[39m     })\u001b[33m;\u001b[39m\n     \u001b[90m 38 |\u001b[39m\n    \u001b[31m\u001b[1m>\u001b[22m\u001b[39m\u001b[90m 39 |\u001b[39m     store \u001b[33m=\u001b[39m \u001b[33mTestBed\u001b[39m\u001b[33m.\u001b[39minject(\u001b[33mTaskStore\u001b[39m)\u001b[33m;\u001b[39m\n     \u001b[90m    |\u001b[39m                     \u001b[31m\u001b[1m^\u001b[22m\u001b[39m\n     \u001b[90m 40 |\u001b[39m   })\u001b[33m;\u001b[39m\n     \u001b[90m 41 |\u001b[39m\n     \u001b[90m 42 |\u001b[39m   it(\u001b[32m'should be created and initialized with empty state'\u001b[39m\u001b[33m,\u001b[39m () \u001b[33m=>\u001b[39m {\u001b[0m\n\n      at isModuleWithProviders (node_modules/@angular/core/fesm2022/_debug_node-chunk.mjs:7259:16)\n      at expandModuleWithProviders (node_modules/@angular/core/fesm2022/_debug_node-chunk.mjs:17797:7)\n          at Array.map (<anonymous>)\n      at Function.get (node_modules/@angular/core/fesm2022/_debug_node-chunk.mjs:17512:84)\n      at getNgModuleDef (node_modules/@angular/core/fesm2022/_untracked-chunk.mjs:476:10)\n      at getNgModuleDefOrThrow (node_modules/@angular/core/fesm2022/_untracked-chunk.mjs:479:23)\n      at verifySemanticsOfNgModuleDef (node_modules/@angular/core/fesm2022/_debug_node-chunk.mjs:17585:19)\n      at Function.get (node_modules/@angular/core/fesm2022/_debug_node-chunk.mjs:17549:22)\n      at TestBedCompiler.applyProviderOverridesInScope (node_modules/@angular/core/fesm2022/testing.mjs:825:25)\n      at TestBedCompiler.compileTestModule (node_modules/@angular/core/fesm2022/testing.mjs:1065:10)\n      at TestBedCompiler.finalize (node_modules/@angular/core/fesm2022/testing.mjs:704:10)\n      at _TestBedImpl.get testModuleRef [as testModuleRef] (node_modules/@angular/core/fesm2022/testing.mjs:1492:43)\n      at _TestBedImpl.inject (node_modules/@angular/core/fesm2022/testing.mjs:1413:25)\n      at Function.inject (node_modules/@angular/core/fesm2022/testing.mjs:1300:33)\n      at Object.<anonymous> (src/entities/task/api/task.store.spec.ts:39:21)\n\n  ΓùÅ TaskStore ΓÇ║ moveTask ΓÇ║ should rollback on move error\n\n    TypeError: Cannot read properties of null (reading 'ngModule')\n\n    \u001b[0m \u001b[90m 37 |\u001b[39m     })\u001b[33m;\u001b[39m\n     \u001b[90m 38 |\u001b[39m\n    \u001b[31m\u001b[1m>\u001b[22m\u001b[39m\u001b[90m 39 |\u001b[39m     store \u001b[33m=\u001b[39m \u001b[33mTestBed\u001b[39m\u001b[33m.\u001b[39minject(\u001b[33mTaskStore\u001b[39m)\u001b[33m;\u001b[39m\n     \u001b[90m    |\u001b[39m                     \u001b[31m\u001b[1m^\u001b[22m\u001b[39m\n     \u001b[90m 40 |\u001b[39m   })\u001b[33m;\u001b[39m\n     \u001b[90m 41 |\u001b[39m\n     \u001b[90m 42 |\u001b[39m   it(\u001b[32m'should be created and initialized with empty state'\u001b[39m\u001b[33m,\u001b[39m () \u001b[33m=>\u001b[39m {\u001b[0m\n\n      at isModuleWithProviders (node_modules/@angular/core/fesm2022/_debug_node-chunk.mjs:7259:16)\n      at expandModuleWithProviders (node_modules/@angular/core/fesm2022/_debug_node-chunk.mjs:17797:7)\n          at Array.map (<anonymous>)\n      at Function.get (node_modules/@angular/core/fesm2022/_debug_node-chunk.mjs:17512:84)\n      at getNgModuleDef (node_modules/@angular/core/fesm2022/_untracked-chunk.mjs:476:10)\n      at getNgModuleDefOrThrow (node_modules/@angular/core/fesm2022/_untracked-chunk.mjs:479:23)\n      at verifySemanticsOfNgModuleDef (node_modules/@angular/core/fesm2022/_debug_node-chunk.mjs:17585:19)\n      at Function.get (node_modules/@angular/core/fesm2022/_debug_node-chunk.mjs:17549:22)\n      at TestBedCompiler.applyProviderOverridesInScope (node_modules/@angular/core/fesm2022/testing.mjs:825:25)\n      at TestBedCompiler.compileTestModule (node_modules/@angular/core/fesm2022/testing.mjs:1065:10)\n      at TestBedCompiler.finalize (node_modules/@angular/core/fesm2022/testing.mjs:704:10)\n      at _TestBedImpl.get testModuleRef [as testModuleRef] (node_modules/@angular/core/fesm2022/testing.mjs:1492:43)\n      at _TestBedImpl.inject (node_modules/@angular/core/fesm2022/testing.mjs:1413:25)\n      at Function.inject (node_modules/@angular/core/fesm2022/testing.mjs:1300:33)\n      at Object.<anonymous> (src/entities/task/api/task.store.spec.ts:39:21)\n\n  ΓùÅ TaskStore ΓÇ║ clearError ΓÇ║ should clear error state\n\n    TypeError: Cannot read properties of null (reading 'ngModule')\n\n    \u001b[0m \u001b[90m 37 |\u001b[39m     })\u001b[33m;\u001b[39m\n     \u001b[90m 38 |\u001b[39m\n    \u001b[31m\u001b[1m>\u001b[22m\u001b[39m\u001b[90m 39 |\u001b[39m     store \u001b[33m=\u001b[39m \u001b[33mTestBed\u001b[39m\u001b[33m.\u001b[39minject(\u001b[33mTaskStore\u001b[39m)\u001b[33m;\u001b[39m\n     \u001b[90m    |\u001b[39m                     \u001b[31m\u001b[1m^\u001b[22m\u001b[39m\n     \u001b[90m 40 |\u001b[39m   })\u001b[33m;\u001b[39m\n     \u001b[90m 41 |\u001b[39m\n     \u001b[90m 42 |\u001b[39m   it(\u001b[32m'should be created and initialized with empty state'\u001b[39m\u001b[33m,\u001b[39m () \u001b[33m=>\u001b[39m {\u001b[0m\n\n      at isModuleWithProviders (node_modules/@angular/core/fesm2022/_debug_node-chunk.mjs:7259:16)\n      at expandModuleWithProviders (node_modules/@angular/core/fesm2022/_debug_node-chunk.mjs:17797:7)\n          at Array.map (<anonymous>)\n      at Function.get (node_modules/@angular/core/fesm2022/_debug_node-chunk.mjs:17512:84)\n      at getNgModuleDef (node_modules/@angular/core/fesm2022/_untracked-chunk.mjs:476:10)\n      at getNgModuleDefOrThrow (node_modules/@angular/core/fesm2022/_untracked-chunk.mjs:479:23)\n      at verifySemanticsOfNgModuleDef (node_modules/@angular/core/fesm2022/_debug_node-chunk.mjs:17585:19)\n      at Function.get (node_modules/@angular/core/fesm2022/_debug_node-chunk.mjs:17549:22)\n      at TestBedCompiler.applyProviderOverridesInScope (node_modules/@angular/core/fesm2022/testing.mjs:825:25)\n      at TestBedCompiler.compileTestModule (node_modules/@angular/core/fesm2022/testing.mjs:1065:10)\n      at TestBedCompiler.finalize (node_modules/@angular/core/fesm2022/testing.mjs:704:10)\n      at _TestBedImpl.get testModuleRef [as testModuleRef] (node_modules/@angular/core/fesm2022/testing.mjs:1492:43)\n      at _TestBedImpl.inject (node_modules/@angular/core/fesm2022/testing.mjs:1413:25)\n      at Function.inject (node_modules/@angular/core/fesm2022/testing.mjs:1300:33)\n      at Object.<anonymous> (src/entities/task/api/task.store.spec.ts:39:21)\n\n  ΓùÅ TaskStore ΓÇ║ computed properties ΓÇ║ should group tasks by column\n\n    TypeError: Cannot read properties of null (reading 'ngModule')\n\n    \u001b[0m \u001b[90m 37 |\u001b[39m     })\u001b[33m;\u001b[39m\n     \u001b[90m 38 |\u001b[39m\n    \u001b[31m\u001b[1m>\u001b[22m\u001b[39m\u001b[90m 39 |\u001b[39m     store \u001b[33m=\u001b[39m \u001b[33mTestBed\u001b[39m\u001b[33m.\u001b[39minject(\u001b[33mTaskStore\u001b[39m)\u001b[33m;\u001b[39m\n     \u001b[90m    |\u001b[39m                     \u001b[31m\u001b[1m^\u001b[22m\u001b[39m\n     \u001b[90m 40 |\u001b[39m   })\u001b[33m;\u001b[39m\n     \u001b[90m 41 |\u001b[39m\n     \u001b[90m 42 |\u001b[39m   it(\u001b[32m'should be created and initialized with empty state'\u001b[39m\u001b[33m,\u001b[39m () \u001b[33m=>\u001b[39m {\u001b[0m\n\n      at isModuleWithProviders (node_modules/@angular/core/fesm2022/_debug_node-chunk.mjs:7259:16)\n      at expandModuleWithProviders (node_modules/@angular/core/fesm2022/_debug_node-chunk.mjs:17797:7)\n          at Array.map (<anonymous>)\n      at Function.get (node_modules/@angular/core/fesm2022/_debug_node-chunk.mjs:17512:84)\n      at getNgModuleDef (node_modules/@angular/core/fesm2022/_untracked-chunk.mjs:476:10)\n      at getNgModuleDefOrThrow (node_modules/@angular/core/fesm2022/_untracked-chunk.mjs:479:23)\n      at verifySemanticsOfNgModuleDef (node_modules/@angular/core/fesm2022/_debug_node-chunk.mjs:17585:19)\n      at Function.get (node_modules/@angular/core/fesm2022/_debug_node-chunk.mjs:17549:22)\n      at TestBedCompiler.applyProviderOverridesInScope (node_modules/@angular/core/fesm2022/testing.mjs:825:25)\n      at TestBedCompiler.compileTestModule (node_modules/@angular/core/fesm2022/testing.mjs:1065:10)\n      at TestBedCompiler.finalize (node_modules/@angular/core/fesm2022/testing.mjs:704:10)\n      at _TestBedImpl.get testModuleRef [as testModuleRef] (node_modules/@angular/core/fesm2022/testing.mjs:1492:43)\n      at _TestBedImpl.inject (node_modules/@angular/core/fesm2022/testing.mjs:1413:25)\n      at Function.inject (node_modules/@angular/core/fesm2022/testing.mjs:1300:33)\n      at Object.<anonymous> (src/entities/task/api/task.store.spec.ts:39:21)\n\n  ΓùÅ TaskStore ΓÇ║ computed properties ΓÇ║ should compute status counts correctly\n\n    TypeError: Cannot read properties of null (reading 'ngModule')\n\n    \u001b[0m \u001b[90m 37 |\u001b[39m     })\u001b[33m;\u001b[39m\n     \u001b[90m 38 |\u001b[39m\n    \u001b[31m\u001b[1m>\u001b[22m\u001b[39m\u001b[90m 39 |\u001b[39m     store \u001b[33m=\u001b[39m \u001b[33mTestBed\u001b[39m\u001b[33m.\u001b[39minject(\u001b[33mTaskStore\u001b[39m)\u001b[33m;\u001b[39m\n     \u001b[90m    |\u001b[39m                     \u001b[31m\u001b[1m^\u001b[22m\u001b[39m\n     \u001b[90m 40 |\u001b[39m   })\u001b[33m;\u001b[39m\n     \u001b[90m 41 |\u001b[39m\n     \u001b[90m 42 |\u001b[39m   it(\u001b[32m'should be created and initialized with empty state'\u001b[39m\u001b[33m,\u001b[39m () \u001b[33m=>\u001b[39m {\u001b[0m\n\n      at isModuleWithProviders (node_modules/@angular/core/fesm2022/_debug_node-chunk.mjs:7259:16)\n      at expandModuleWithProviders (node_modules/@angular/core/fesm2022/_debug_node-chunk.mjs:17797:7)\n          at Array.map (<anonymous>)\n      at Function.get (node_modules/@angular/core/fesm2022/_debug_node-chunk.mjs:17512:84)\n      at getNgModuleDef (node_modules/@angular/core/fesm2022/_untracked-chunk.mjs:476:10)\n      at getNgModuleDefOrThrow (node_modules/@angular/core/fesm2022/_untracked-chunk.mjs:479:23)\n      at verifySemanticsOfNgModuleDef (node_modules/@angular/core/fesm2022/_debug_node-chunk.mjs:17585:19)\n      at Function.get (node_modules/@angular/core/fesm2022/_debug_node-chunk.mjs:17549:22)\n      at TestBedCompiler.applyProviderOverridesInScope (node_modules/@angular/core/fesm2022/testing.mjs:825:25)\n      at TestBedCompiler.compileTestModule (node_modules/@angular/core/fesm2022/testing.mjs:1065:10)\n      at TestBedCompiler.finalize (node_modules/@angular/core/fesm2022/testing.mjs:704:10)\n      at _TestBedImpl.get testModuleRef [as testModuleRef] (node_modules/@angular/core/fesm2022/testing.mjs:1492:43)\n      at _TestBedImpl.inject (node_modules/@angular/core/fesm2022/testing.mjs:1413:25)\n      at Function.inject (node_modules/@angular/core/fesm2022/testing.mjs:1300:33)\n      at Object.<anonymous> (src/entities/task/api/task.store.spec.ts:39:21)\n","name":"C:\\Users\\ETR Infotech\\Desktop\\task_board\\task-board-ui\\src\\entities\\task\\api\\task.store.spec.ts","startTime":1772068059060,"status":"failed","summary":""}],"wasInterrupted":false}
